Ethereum Adresi: 0x4e1b32cb147edfe07622c88b90f1ea0df00b6aed
Tarih: 2025-02-06

Cüzdan Bakiyesi: 0.003985037719529136 ETH

Cüzdandaki ERC-20 Tokenler:

Token Adı | Sembol | Token Adresi | Bakiye
------------------------------------------
CombiCoin | COMBI | 0x11468d142559f6ab61e69b47f30fa6a36c93ee92 | 0.0000
Tria | TRIA | 0x3293cc907fde439b39aedaf1b982785adaff186b | 0.0000
RCF | RCF | 0x0dc28ced73c972a7b4759192c9fd000dbb05f715 | 0.0000
XRCF | XRCF | 0x52cd4749acabf936b9857ef5a0fcdd6f661bf2ed | 0.0000
Borgias Capital Fund | BCF | 0x739a3c89ee7827a6e49cc0bfca8dab228b4d0bf3 | 0.0000
Countinghouse Fund | CHT | 0x799d214d7143b766cdd4979cd0280939288ba931 | 0.0000
An Etheal Promo | HEALP | 0x7b2f9706cd8473b4f5b7758b0171a9933fc6c4d6 | 0.0000
Wolf Token | Wolf | 0x5f14ad423f0ade55ebf5a4354bb2beef671c599a | 0.0000
www.pnztrust.com | www.pnztrust.com | 0x5d210a4c794fa210c64712f1e395ec1136aaec4c | NaN
Bulleon Promo Token | BULLEON PROMO | 0xd4de05944572d142fbf70f3f010891a35ac15188 | 0.0000
Azbit | AZ | 0xeccab39acb2caf9adba72c1cb92fdc106b993e0b | 55978.0000
Evaki | EVK | 0xae4eae7899d62c000d6fca7d7e1ab83bc4a54f5e | 3496.5659
Azbit | AZ | 0x77fe30b2cf39245267c0a5084b66a560f1cf9e1f | 55978.0000
KickToken | KICK | 0xc12d1c73ee7dc3615ba4e37e4abfdbddfa38907e | 0.0001
Smart Investment Fund Token v2 | XSFT | 0x1d074266bca9481bdeee504836cfefee69092a28 | NaN

Blok | Zaman | Kimden | Kime | Token | Miktar | Tx Hash
-------------------------------------------------------
4633433 | 27.11.2017 22:30:25 | 0x80e364fcf7901b423e68a4b694a45e9b55feef18 | 0x4e1b32cb147edfe07622c88b90f1ea0df00b6aed | CombiCoin (COMBI) | 5.0000 | https://etherscan.io/tx/0xc8289ae8fdaae414a3a3eaaeabbf00c5139fa81f562ad1a5f01d43ea555bca69
4633434 | 27.11.2017 22:30:45 | 0x80e364fcf7901b423e68a4b694a45e9b55feef18 | 0x4e1b32cb147edfe07622c88b90f1ea0df00b6aed | Tria (TRIA) | 5.0000 | https://etherscan.io/tx/0xa084f3eb3933ed25da0db0c6a889b70fa665808dc190517b7feac38daf8b7295
4633452 | 27.11.2017 22:36:15 | 0x4e1b32cb147edfe07622c88b90f1ea0df00b6aed | 0x80e364fcf7901b423e68a4b694a45e9b55feef18 | CombiCoin (COMBI) | 1.0000 | https://etherscan.io/tx/0x5e05081cb2c61d12c7d00505ac17390d4d33dd2366023ab7c0e2a0e43338000f
4633467 | 27.11.2017 22:39:38 | 0x80e364fcf7901b423e68a4b694a45e9b55feef18 | 0x4e1b32cb147edfe07622c88b90f1ea0df00b6aed | CombiCoin (COMBI) | 113.7239 | https://etherscan.io/tx/0x2d89131e855694615bf42b903fec75e6138cc16fd56f221dfb636ed70377557d
4633475 | 27.11.2017 22:41:39 | 0x80e364fcf7901b423e68a4b694a45e9b55feef18 | 0x4e1b32cb147edfe07622c88b90f1ea0df00b6aed | Tria (TRIA) | 137.7239 | https://etherscan.io/tx/0xd749c0cad67b0b1b161ab4c4ed098655aa0572b9e57dfdeacc69b6bb72724e0e
4633505 | 27.11.2017 22:50:13 | 0x2c32c02a21bebf54950ba53e54790dc93f556924 | 0x4e1b32cb147edfe07622c88b90f1ea0df00b6aed | CombiCoin (COMBI) | 297.7288 | https://etherscan.io/tx/0x2adb99fa87d52f37f5ed120b031dadb620597190a93b015e4041a26ca015ba0a
4633684 | 27.11.2017 23:35:43 | 0x47434466c66337e1d2a7c8f4a105a95e02f468f1 | 0x4e1b32cb147edfe07622c88b90f1ea0df00b6aed | Tria (TRIA) | 24.2125 | https://etherscan.io/tx/0x102558e7e2ee02ab34bad06cef88442e0cded9fda582a11836b92cbfad42b644
4840978 | 02.01.2018 12:51:29 | 0x80e364fcf7901b423e68a4b694a45e9b55feef18 | 0x4e1b32cb147edfe07622c88b90f1ea0df00b6aed | CombiCoin (COMBI) | 2.0496 | https://etherscan.io/tx/0x9024d0525a64301ccfafe5e1c0c868315e309790929f35e7ebfcae1b42b4ed42
4847119 | 03.01.2018 14:44:50 | 0x47434466c66337e1d2a7c8f4a105a95e02f468f1 | 0x4e1b32cb147edfe07622c88b90f1ea0df00b6aed | Tria (TRIA) | 2.7710 | https://etherscan.io/tx/0x64013520c97558bf2695dd45c01823544958e70d2d84ac4f518aff8fd99c9f74
4857943 | 05.01.2018 14:37:01 | 0x4e1b32cb147edfe07622c88b90f1ea0df00b6aed | 0x31a5f192b6f4ae4dccfc2fab55d3e09f1388b81f | CombiCoin (COMBI) | 26.7000 | https://etherscan.io/tx/0x887c2ddc8a0c847ae350f6a961e62b14efaedb61df750e6522044d2947b0fd56
4874147 | 08.01.2018 14:02:47 | 0x4e1b32cb147edfe07622c88b90f1ea0df00b6aed | 0x0b333d67d99122747a9ffa1fc407bf569b9b525c | CombiCoin (COMBI) | 30.0000 | https://etherscan.io/tx/0x07a5a59e9ba4eb0dcb8572c4098edb8e9b5329a4507d0cb028cc2ed43d5db384
4874170 | 08.01.2018 14:09:15 | 0x0b333d67d99122747a9ffa1fc407bf569b9b525c | 0x4e1b32cb147edfe07622c88b90f1ea0df00b6aed | RCF (RCF) | 150.0000 | https://etherscan.io/tx/0x868ca3c3b74b1842c69760f7f70958f6dbdd8044770354686ee624ce7d408825
4948138 | 21.01.2018 22:58:43 | 0x4e1b32cb147edfe07622c88b90f1ea0df00b6aed | 0x8d12a197cb00d4747a1fe03395095ce2a5cc6819 | CombiCoin (COMBI) | 25.0000 | https://etherscan.io/tx/0xe51bd2a49d93135b3c3c69acabb34b16d49a9ebebdada1ad13e3182022c6e394
4957113 | 23.01.2018 11:27:56 | 0x4e1b32cb147edfe07622c88b90f1ea0df00b6aed | 0x8d12a197cb00d4747a1fe03395095ce2a5cc6819 | CombiCoin (COMBI) | 25.0000 | https://etherscan.io/tx/0x5e8b0368da2991ca358eb5e9110edb71ae2a178236c54c07c405e3bf4b8bf64d
5082090 | 13.02.2018 12:29:18 | 0x8d12a197cb00d4747a1fe03395095ce2a5cc6819 | 0x4e1b32cb147edfe07622c88b90f1ea0df00b6aed | CombiCoin (COMBI) | 50.0000 | https://etherscan.io/tx/0xd131be20b5be5ec6b1f4e84e8a710dd25d1fc8f3d7415a58a90ec122ab1eef73
5082108 | 13.02.2018 12:33:01 | 0x4e1b32cb147edfe07622c88b90f1ea0df00b6aed | 0x04a64ab00b264528c7153e64d339a16a09b2748c | CombiCoin (COMBI) | 360.0000 | https://etherscan.io/tx/0x277dd15f1c9c6636598abdda4163b3c06f70db8a374ba9b912980512c4cedf1b
5082128 | 13.02.2018 12:38:20 | 0x31a5f192b6f4ae4dccfc2fab55d3e09f1388b81f | 0x4e1b32cb147edfe07622c88b90f1ea0df00b6aed | CombiCoin (COMBI) | 26.7000 | https://etherscan.io/tx/0x8d6c0fae2f09b0c9892c68cfc5a4487d086673a4575c24d77da6eb086f5b89af
5082136 | 13.02.2018 12:40:08 | 0x4e1b32cb147edfe07622c88b90f1ea0df00b6aed | 0x04a64ab00b264528c7153e64d339a16a09b2748c | CombiCoin (COMBI) | 27.5023 | https://etherscan.io/tx/0x704095fe24c9f420391ebb9be4ae26d0e5c7709cd2de97ee7b4c2806ab055325
5088712 | 14.02.2018 15:15:40 | 0x8c1ff3a8c6f8383225797b703cfa0fc39ecdc4a1 | 0x4e1b32cb147edfe07622c88b90f1ea0df00b6aed | RCF (RCF) | 250.0000 | https://etherscan.io/tx/0x72a031b85ddd7b5389bbbc89d94d947ebe74d67e393b79a4a0aeb29c0e928c8f
5088745 | 14.02.2018 15:24:59 | 0x8c1ff3a8c6f8383225797b703cfa0fc39ecdc4a1 | 0x4e1b32cb147edfe07622c88b90f1ea0df00b6aed | Tria (TRIA) | 250.0000 | https://etherscan.io/tx/0x0ce65744f266194428d3625ee708604f2deb03989e92db74ba0046e5e490ed8e
5096614 | 15.02.2018 23:22:35 | 0x8c1ff3a8c6f8383225797b703cfa0fc39ecdc4a1 | 0x4e1b32cb147edfe07622c88b90f1ea0df00b6aed | RCF (RCF) | 75.0000 | https://etherscan.io/tx/0x1f94b88f0e0e215fe0c53415e8c904a42a0cba8da72fd6bfc83b3551610bd144
5096621 | 15.02.2018 23:25:46 | 0x8c1ff3a8c6f8383225797b703cfa0fc39ecdc4a1 | 0x4e1b32cb147edfe07622c88b90f1ea0df00b6aed | Tria (TRIA) | 75.0000 | https://etherscan.io/tx/0xd2ddecec2298dac80a40be31d0c77b05103c484872d0e61cdce85ba1c243b81e
5189450 | 03.03.2018 17:24:20 | 0x0b333d67d99122747a9ffa1fc407bf569b9b525c | 0x4e1b32cb147edfe07622c88b90f1ea0df00b6aed | XRCF (XRCF) | 1.0000 | https://etherscan.io/tx/0xc9fb0cb3043cfe54d784dea45e0797c776979ccf91efab6e2b81209c197ddbc6
5194933 | 04.03.2018 15:36:26 | 0x30b1db93ddcc2cee962d00471527a4173a9033fe | 0x4e1b32cb147edfe07622c88b90f1ea0df00b6aed | XRCF (XRCF) | 499.0000 | https://etherscan.io/tx/0x90da55178a91fef31f807bfcaea55bff68509d9593324de224b2707f290de9cf
5224070 | 09.03.2018 14:18:59 | 0x8c1ff3a8c6f8383225797b703cfa0fc39ecdc4a1 | 0x4e1b32cb147edfe07622c88b90f1ea0df00b6aed | RCF (RCF) | 25.0000 | https://etherscan.io/tx/0xaed61522d2456fefadba71cdf515db34c7b576d733c2452a02d6077a4aff8186
5335756 | 28.03.2018 10:19:15 | 0x5a859b6ed72c951de794b7514eda2a015284e04c | 0x4e1b32cb147edfe07622c88b90f1ea0df00b6aed | Borgias Capital Fund (BCF) | 500.0000 | https://etherscan.io/tx/0xbe1c4fa397073e3afcee55419dd669c029982cbebd26ef5161ec9f10d1569a93
5574161 | 08.05.2018 00:15:38 | 0x0000000000000000000000000000000000000000 | 0x4e1b32cb147edfe07622c88b90f1ea0df00b6aed | Countinghouse Fund (CHT) | 1235.0000 | https://etherscan.io/tx/0xa43ac378a0ef11f8226d19e1593cf7bd9f5797c39caf9d869e674094a9f07f5d
5755121 | 08.06.2018 23:00:52 | 0x0000000000000000000000000000000000000000 | 0x4e1b32cb147edfe07622c88b90f1ea0df00b6aed | Countinghouse Fund (CHT) | 4960.0000 | https://etherscan.io/tx/0xfecf3ede043e4db4666e2b5c610608c4611fc25c908386aaa4c8dc1193f331e2
5784744 | 14.06.2018 04:21:49 | 0x0000000000000000000000000000000000000000 | 0x4e1b32cb147edfe07622c88b90f1ea0df00b6aed | An Etheal Promo (HEALP) | 911.0000 | https://etherscan.io/tx/0xb450c1f00f738d832b6c48db538f1538f542833b34d0662059f9d2149b7659cb
5850917 | 25.06.2018 11:56:37 | 0xabba3d422132c0593d582b20e321ee6a7bfb1952 | 0x4e1b32cb147edfe07622c88b90f1ea0df00b6aed | Wolf Token (Wolf) | 46.1000 | https://etherscan.io/tx/0x155ab665487c353eeb53e05261d61963213a76e86af144db3f62784557abea1c
5955954 | 13.07.2018 12:22:17 | 0x8d12a197cb00d4747a1fe03395095ce2a5cc6819 | 0x4e1b32cb147edfe07622c88b90f1ea0df00b6aed | Countinghouse Fund (CHT) | 3805.0000 | https://etherscan.io/tx/0x347f7b9bcece69d8ff8862da6a19f03c274e53f0a1cdc91f429d4b5a832b2a41
5970811 | 15.07.2018 23:41:35 | 0x4e1b32cb147edfe07622c88b90f1ea0df00b6aed | 0x6f95882727ef6b4a4c1485ec374a00ae83fcb1a4 | Countinghouse Fund (CHT) | 4000.0000 | https://etherscan.io/tx/0x8b6ac1665c99a23e9e00d4b00a049c920fe0eb2ff999b25e8e86bc5ea4f30773
5970821 | 15.07.2018 23:45:13 | 0x8d12a197cb00d4747a1fe03395095ce2a5cc6819 | 0x4e1b32cb147edfe07622c88b90f1ea0df00b6aed | Countinghouse Fund (CHT) | 4000.0000 | https://etherscan.io/tx/0xdc04ee6bb35df6a0867222b79238321bfbee69b6d59a6bda9d36db52e6cd7eb1
6074857 | 02.08.2018 15:17:23 | 0x43ce12056aa1e8372ab4abf0c0cc658d2d41077f | 0x4e1b32cb147edfe07622c88b90f1ea0df00b6aed | Borgias Capital Fund (BCF) | 502.9500 | https://etherscan.io/tx/0x97b9f6bc38966cca8b57e0ae64fbc501bea119008657cfe9ad65c1e3b56080a5
6134381 | 12.08.2018 16:47:44 | 0x8d12a197cb00d4747a1fe03395095ce2a5cc6819 | 0x4e1b32cb147edfe07622c88b90f1ea0df00b6aed | Countinghouse Fund (CHT) | 7500.0000 | https://etherscan.io/tx/0x6e4122f6ec1f0c6f6b13542b0a71efad41774a1234ff4a2afe733eb264fc1716
6150475 | 15.08.2018 09:54:39 | 0x4e1b32cb147edfe07622c88b90f1ea0df00b6aed | 0x8d12a197cb00d4747a1fe03395095ce2a5cc6819 | Countinghouse Fund (CHT) | 10000.0000 | https://etherscan.io/tx/0x336144fcf67a6a4dfb0d8743abaf0c38285e0e5529c78b2e1663d6a6511305a5
6169010 | 18.08.2018 13:18:15 | 0x8d12a197cb00d4747a1fe03395095ce2a5cc6819 | 0x4e1b32cb147edfe07622c88b90f1ea0df00b6aed | Countinghouse Fund (CHT) | 2500.0000 | https://etherscan.io/tx/0x983448877b1d36547a5fd0619342f55487f153e324d2989446e1517faf55e567
6180133 | 20.08.2018 10:21:44 | 0x8d12a197cb00d4747a1fe03395095ce2a5cc6819 | 0x4e1b32cb147edfe07622c88b90f1ea0df00b6aed | Countinghouse Fund (CHT) | 4000.0000 | https://etherscan.io/tx/0x0214f3af03abc531b7b6aa675ec38371e19fe4c44f6935b683d8dc905b63ac6d
6200654 | 23.08.2018 21:44:46 | 0xc823eae282977125ab7a04ff9f2aa89dada9bd41 | 0x4e1b32cb147edfe07622c88b90f1ea0df00b6aed | www.pnztrust.com (www.pnztrust.com) | 1000000.0000 | https://etherscan.io/tx/0xda5a0afd74b1c58c4ba278caab541f158b8851ef9abe8f5e86ed794aafccd3be
6225923 | 28.08.2018 03:46:55 | 0x0000000000000000000000000000000000000000 | 0x4e1b32cb147edfe07622c88b90f1ea0df00b6aed | Bulleon Promo Token (BULLEON PROMO) | 365.0000 | https://etherscan.io/tx/0x5dd887cc39923aaa7ffe0e18a990c72bedc1f9ebe9d32448221d77aa2dd4f557
6268860 | 04.09.2018 09:40:24 | 0x4e1b32cb147edfe07622c88b90f1ea0df00b6aed | 0x8d12a197cb00d4747a1fe03395095ce2a5cc6819 | Countinghouse Fund (CHT) | 10168.9300 | https://etherscan.io/tx/0xe4bc3bac7ad96aac6b103aace21a88d0e589416bccc586de656ca083a29a5573
6278468 | 06.09.2018 00:20:13 | 0x8d12a197cb00d4747a1fe03395095ce2a5cc6819 | 0x4e1b32cb147edfe07622c88b90f1ea0df00b6aed | Countinghouse Fund (CHT) | 11168.9300 | https://etherscan.io/tx/0x029e5a3a934486f39e94c9acc41b1f20f47bcdd970bd95a7739f036edfd033f2
6329822 | 14.09.2018 14:07:30 | 0x4e1b32cb147edfe07622c88b90f1ea0df00b6aed | 0x8d12a197cb00d4747a1fe03395095ce2a5cc6819 | Countinghouse Fund (CHT) | 15000.0000 | https://etherscan.io/tx/0xbe71a25db4d0c3f5f36447a1720e2b7e925848e51354e2a7cf4cc12e2ac70636
6354685 | 18.09.2018 16:41:24 | 0x0861fca546225fbf8806986d211c8398f7457734 | 0x4e1b32cb147edfe07622c88b90f1ea0df00b6aed | Countinghouse Fund (CHT) | 9984.0000 | https://etherscan.io/tx/0xe346974ed08965b723b3969f571bbd038ce6d5827439eccda30722bddd1a9e3e
6354696 | 18.09.2018 16:43:34 | 0x0861fca546225fbf8806986d211c8398f7457734 | 0x4e1b32cb147edfe07622c88b90f1ea0df00b6aed | Countinghouse Fund (CHT) | 4987.3000 | https://etherscan.io/tx/0x9ca3ae6946708c0c6d3d12639d5d5f94a45a01683aa49ef0dfbd4942f006e4cf
6356072 | 18.09.2018 22:15:16 | 0x4e1b32cb147edfe07622c88b90f1ea0df00b6aed | 0x8d12a197cb00d4747a1fe03395095ce2a5cc6819 | Countinghouse Fund (CHT) | 9614.1600 | https://etherscan.io/tx/0x45af9aad1bb622ab2a6f60ec291cc3a8bf290231f6f86ac5b2010deca7d9768f
6368059 | 20.09.2018 21:40:29 | 0x8d12a197cb00d4747a1fe03395095ce2a5cc6819 | 0x4e1b32cb147edfe07622c88b90f1ea0df00b6aed | Countinghouse Fund (CHT) | 9250.0000 | https://etherscan.io/tx/0xfaa7fc84ccb8947901392a77c006b03351f23922ac6fac1bf1faaca6198ef280
6405048 | 26.09.2018 23:42:08 | 0x4e1b32cb147edfe07622c88b90f1ea0df00b6aed | 0x8d12a197cb00d4747a1fe03395095ce2a5cc6819 | Countinghouse Fund (CHT) | 389.1700 | https://etherscan.io/tx/0xcbf62c0cf80ed144759ce65d2489264b93265b39c0d21031f38001323e76c0dc
6414796 | 28.09.2018 14:08:24 | 0x8d12a197cb00d4747a1fe03395095ce2a5cc6819 | 0x4e1b32cb147edfe07622c88b90f1ea0df00b6aed | Countinghouse Fund (CHT) | 274.0000 | https://etherscan.io/tx/0x2e13a1d9f4d8a1ceb4496a1814dee80db12432f053047ef44708e0fde6d1590f
6414867 | 28.09.2018 14:23:52 | 0x8d12a197cb00d4747a1fe03395095ce2a5cc6819 | 0x4e1b32cb147edfe07622c88b90f1ea0df00b6aed | Countinghouse Fund (CHT) | 235.0000 | https://etherscan.io/tx/0x5a277c7cd3e4bb82bfdfb318b238ecf19f7b89501d0ce79486e1ca476d2a5690
6536677 | 18.10.2018 10:07:30 | 0x4e1b32cb147edfe07622c88b90f1ea0df00b6aed | 0x8d12a197cb00d4747a1fe03395095ce2a5cc6819 | Countinghouse Fund (CHT) | 50.0000 | https://etherscan.io/tx/0xd5f2862eb308a3e846b4d677c5bab234a3d9d08c6eb57e82eba86211c938c137
6657502 | 07.11.2018 05:06:25 | 0x4e1b32cb147edfe07622c88b90f1ea0df00b6aed | 0x8d12a197cb00d4747a1fe03395095ce2a5cc6819 | Countinghouse Fund (CHT) | 5000.0000 | https://etherscan.io/tx/0xc61f85fc8a9cf3e3b46be32ae05fa07b5e15de9bd3866962b073f9ea4c6a8d25
6690086 | 12.11.2018 13:13:45 | 0x4e1b32cb147edfe07622c88b90f1ea0df00b6aed | 0x8d12a197cb00d4747a1fe03395095ce2a5cc6819 | Countinghouse Fund (CHT) | 158.9800 | https://etherscan.io/tx/0x06c6b163d7e9d00418ba12c40f51464e84048fc5c90fc3eac58e7d3fb93dad9e
6692499 | 12.11.2018 22:31:02 | 0x4e1b32cb147edfe07622c88b90f1ea0df00b6aed | 0x8d12a197cb00d4747a1fe03395095ce2a5cc6819 | Countinghouse Fund (CHT) | 1000.0000 | https://etherscan.io/tx/0xa08e428d45d681a0fcd704cae79ed670e093d7b1ae3c3fbd6644f0e991e0c323
6705271 | 15.11.2018 00:43:14 | 0x0861fca546225fbf8806986d211c8398f7457734 | 0x4e1b32cb147edfe07622c88b90f1ea0df00b6aed | Countinghouse Fund (CHT) | 6080.5000 | https://etherscan.io/tx/0xd582621dfca51a759630d49559e5e92bd3c15b1733c7fd560b99cf2a3f4bf65a
6767512 | 25.11.2018 05:31:08 | 0x4e9a414565efe4cad1127161d2c8258594301715 | 0x4e1b32cb147edfe07622c88b90f1ea0df00b6aed | Azbit (AZ) | 55978.0000 | https://etherscan.io/tx/0x4aabd3efca950b10cc06060001e32afe9323ee19a8fcaf1c2ee976c3a2bcb9ab
6841354 | 07.12.2018 10:25:52 | 0x4e1b32cb147edfe07622c88b90f1ea0df00b6aed | 0xdd1cc122d30f057a6cae4410f0a5f8a5b045352e | Countinghouse Fund (CHT) | 5000.0000 | https://etherscan.io/tx/0xda5b04ae737fe545a40d7014c03e2e19971e8d8517f416a3e3ddf95b8e43fe95
7070559 | 15.01.2019 16:23:31 | 0x43b0eb4dfe7a3a86b4805b6db07e80c285b54553 | 0x4e1b32cb147edfe07622c88b90f1ea0df00b6aed | Countinghouse Fund (CHT) | 2420.6100 | https://etherscan.io/tx/0x179b0f29bf93c5706905d61d9248ec4dc4b74c0e3be483e2b2d5ed564ca59e6c
7115619 | 24.01.2019 00:01:48 | 0x0000000000000000000000000000000000000000 | 0x4e1b32cb147edfe07622c88b90f1ea0df00b6aed | Evaki (EVK) | 24134.6229 | https://etherscan.io/tx/0x3fd9aaac7e8a2028c6124928bb626b62e49b00080a4758b6075c87e3f83238a5
7158852 | 01.02.2019 16:27:37 | 0x4e1b32cb147edfe07622c88b90f1ea0df00b6aed | 0xdd1cc122d30f057a6cae4410f0a5f8a5b045352e | Countinghouse Fund (CHT) | 5000.0000 | https://etherscan.io/tx/0x1bc8ee38ae0f397ac191547194d90ecf9a636a58016258ac20a30332a215fd0a
7220202 | 14.02.2019 20:20:27 | 0x7d4fb518336fb7dc1806fe39dd8aadfcffe31ea6 | 0x4e1b32cb147edfe07622c88b90f1ea0df00b6aed | Borgias Capital Fund (BCF) | 100.0000 | https://etherscan.io/tx/0xe7be2c9e049a17253e971e5b128aa9c4a2a6e2827b4e2f038a8cda931a4bec1d
7252429 | 22.02.2019 11:51:03 | 0x8d12a197cb00d4747a1fe03395095ce2a5cc6819 | 0x4e1b32cb147edfe07622c88b90f1ea0df00b6aed | Tria (TRIA) | 118.1380 | https://etherscan.io/tx/0x329065233bccb127ed64e5edd27124cd64cd1fbe30f3564e80b22c64026d53fa
7276077 | 28.02.2019 00:38:07 | 0xaaaaa798ebb90066788951e0fc03bc71e6bc2b51 | 0x4e1b32cb147edfe07622c88b90f1ea0df00b6aed | Azbit (AZ) | 55978.0000 | https://etherscan.io/tx/0x72742e44087b69bcc1f44108709c1ab64976ca29c4eca8cf98043ddfe30c9e14
7574017 | 15.04.2019 21:02:10 | 0x4e1b32cb147edfe07622c88b90f1ea0df00b6aed | 0xdd1cc122d30f057a6cae4410f0a5f8a5b045352e | Countinghouse Fund (CHT) | 3000.0000 | https://etherscan.io/tx/0x285850363b31d46dc8c8dceac14fa0b97856d3e4e4a4bb727b13a2ceb2d81e1a
8873848 | 05.11.2019 01:06:17 | 0x8d12a197cb00d4747a1fe03395095ce2a5cc6819 | 0x4e1b32cb147edfe07622c88b90f1ea0df00b6aed | Countinghouse Fund (CHT) | 1000.0100 | https://etherscan.io/tx/0x5f852f4149e88617639b97fde9ada9ebbcc8307146ed74e1844329dd962b419d
9675360 | 15.03.2020 12:49:49 | 0xc12d1c73ee7dc3615ba4e37e4abfdbddfa38907e | 0x4e1b32cb147edfe07622c88b90f1ea0df00b6aed | KickToken (KICK) | 888888.0000 | https://etherscan.io/tx/0x39591154ecdc6065b905e4eed9d85da5dada5223b496da7ae90981939a09c925
11597513 | 06.01.2021 02:22:52 | 0x43b0eb4dfe7a3a86b4805b6db07e80c285b54553 | 0x4e1b32cb147edfe07622c88b90f1ea0df00b6aed | Smart Investment Fund Token v2 (XSFT) | 555.0934 | https://etherscan.io/tx/0x4f5c6085756b8ce8383176bb42d054505bb192286ebc80fc4b2b72f12aac0b4d
11681331 | 18.01.2021 23:20:13 | 0x4e1b32cb147edfe07622c88b90f1ea0df00b6aed | 0xe94dbffc053797a7306e5d400a09c8ea5c5278e4 | Evaki (EVK) | 20638.0570 | https://etherscan.io/tx/0x0480981cfd038293be026b4e7d40b1313dfcb6a405a5ea280d4d1ede74d7106a

Bu adrese ait hiçbir NFT transferi bulunamadı.
Blok | Zaman | Kimden | Kime | Miktar (ETH) | Tx Hash
-----------------------------------------------------
4633420 | 27.11.2017 22:27:45 | 0x80e364fcf7901b423e68a4b694a45e9b55feef18 | 0x4e1b32cb147edfe07622c88b90f1ea0df00b6aed | 0.0200 | https://etherscan.io/tx/0xe24c93ddf4753af7232e719f219466ede205fd4585c37a001172c68e7c07118a
4633452 | 27.11.2017 22:36:15 | 0x4e1b32cb147edfe07622c88b90f1ea0df00b6aed | 0x11468d142559f6ab61e69b47f30fa6a36c93ee92 | 0.0000 | https://etherscan.io/tx/0x5e05081cb2c61d12c7d00505ac17390d4d33dd2366023ab7c0e2a0e43338000f
4790409 | 24.12.2017 23:22:41 | 0xf96308487adac390cb937b7861d6823e9aa66841 | 0x4e1b32cb147edfe07622c88b90f1ea0df00b6aed | 0.0381 | https://etherscan.io/tx/0xb39d4cc8ec6b26218bcebb6f9daef8fc9389f0e8727fe8f92a8743a1d9d953db
4840961 | 02.01.2018 12:47:16 | 0x4e1b32cb147edfe07622c88b90f1ea0df00b6aed | 0x80e364fcf7901b423e68a4b694a45e9b55feef18 | 0.0100 | https://etherscan.io/tx/0x6b7ff916f7a43f724a1110133979d1444707e536ca66c118e019fbd982241a52
4841048 | 02.01.2018 13:09:52 | 0x4e1b32cb147edfe07622c88b90f1ea0df00b6aed | 0x47434466c66337e1d2a7c8f4a105a95e02f468f1 | 0.0364 | https://etherscan.io/tx/0x31e75eafc043000bd50f60abc1e8bc0fdde696d3aef9d39db05e1ad87ea5aafd
4857943 | 05.01.2018 14:37:01 | 0x4e1b32cb147edfe07622c88b90f1ea0df00b6aed | 0x11468d142559f6ab61e69b47f30fa6a36c93ee92 | 0.0000 | https://etherscan.io/tx/0x887c2ddc8a0c847ae350f6a961e62b14efaedb61df750e6522044d2947b0fd56
4874147 | 08.01.2018 14:02:47 | 0x4e1b32cb147edfe07622c88b90f1ea0df00b6aed | 0x11468d142559f6ab61e69b47f30fa6a36c93ee92 | 0.0000 | https://etherscan.io/tx/0x07a5a59e9ba4eb0dcb8572c4098edb8e9b5329a4507d0cb028cc2ed43d5db384
4922629 | 17.01.2018 11:25:40 | 0xf96308487adac390cb937b7861d6823e9aa66841 | 0x4e1b32cb147edfe07622c88b90f1ea0df00b6aed | 0.0399 | https://etherscan.io/tx/0xb61899c66b664355c36b38fbc89235eec34bff827071edae893a69ba4d02341a
4948137 | 21.01.2018 22:58:38 | 0x4e1b32cb147edfe07622c88b90f1ea0df00b6aed | 0x11468d142559f6ab61e69b47f30fa6a36c93ee92 | 0.0000 | https://etherscan.io/tx/0xe51fa8ab5597f2e6552c5d33db4666fd40c9ece59f81b05500ea7954ef6a353c
4948138 | 21.01.2018 22:58:43 | 0x4e1b32cb147edfe07622c88b90f1ea0df00b6aed | 0x8d12a197cb00d4747a1fe03395095ce2a5cc6819 | 0.0000 | https://etherscan.io/tx/0xe51bd2a49d93135b3c3c69acabb34b16d49a9ebebdada1ad13e3182022c6e394
4957112 | 23.01.2018 11:27:50 | 0x4e1b32cb147edfe07622c88b90f1ea0df00b6aed | 0x11468d142559f6ab61e69b47f30fa6a36c93ee92 | 0.0000 | https://etherscan.io/tx/0x8b0530eb67a0d0342b589339cab9a393b3097c8ca4ec71e47c6222b659b37df5
4957113 | 23.01.2018 11:27:56 | 0x4e1b32cb147edfe07622c88b90f1ea0df00b6aed | 0x8d12a197cb00d4747a1fe03395095ce2a5cc6819 | 0.0000 | https://etherscan.io/tx/0x5e8b0368da2991ca358eb5e9110edb71ae2a178236c54c07c405e3bf4b8bf64d
5001248 | 30.01.2018 21:54:23 | 0x40bba0bc0f705de588b2d828de11b9995dcf12ad | 0x4e1b32cb147edfe07622c88b90f1ea0df00b6aed | 0.2180 | https://etherscan.io/tx/0xd986b00095b6b46749d4908702b619a1ca64b7eb173e7a5c6b9d55374b4b6a0f
5035395 | 05.02.2018 16:24:17 | 0x4e1b32cb147edfe07622c88b90f1ea0df00b6aed | 0xc9d41e01f344f2063b5b9c8d2d67a772ec0645b3 | 0.2000 | https://etherscan.io/tx/0xb508ff2688527134c72251f7fa51f91c130d795c33ad16e26e3eff962cfe6d02
5082070 | 13.02.2018 12:24:45 | 0x4e1b32cb147edfe07622c88b90f1ea0df00b6aed | 0x8d12a197cb00d4747a1fe03395095ce2a5cc6819 | 0.0050 | https://etherscan.io/tx/0x648e6dae88b6a889199ef630d96843b8012c74905b28b46dd887eb07571372cf
5082085 | 13.02.2018 12:28:07 | 0x4e1b32cb147edfe07622c88b90f1ea0df00b6aed | 0x8d12a197cb00d4747a1fe03395095ce2a5cc6819 | 0.0050 | https://etherscan.io/tx/0x6f6e50b753f1578ee06fe8c4651aba084f1c8ecbb99b5c9e4c3850d5831ebc80
5082090 | 13.02.2018 12:29:18 | 0x4e1b32cb147edfe07622c88b90f1ea0df00b6aed | 0x8d12a197cb00d4747a1fe03395095ce2a5cc6819 | 0.0000 | https://etherscan.io/tx/0xd131be20b5be5ec6b1f4e84e8a710dd25d1fc8f3d7415a58a90ec122ab1eef73
5082108 | 13.02.2018 12:33:01 | 0x4e1b32cb147edfe07622c88b90f1ea0df00b6aed | 0x11468d142559f6ab61e69b47f30fa6a36c93ee92 | 0.0000 | https://etherscan.io/tx/0x277dd15f1c9c6636598abdda4163b3c06f70db8a374ba9b912980512c4cedf1b
5082117 | 13.02.2018 12:35:28 | 0x4e1b32cb147edfe07622c88b90f1ea0df00b6aed | 0x31a5f192b6f4ae4dccfc2fab55d3e09f1388b81f | 0.0100 | https://etherscan.io/tx/0xde38240771c5c303c7f028e13eafbc871602f50407a3bfaa800b6a27118a654c
5082136 | 13.02.2018 12:40:08 | 0x4e1b32cb147edfe07622c88b90f1ea0df00b6aed | 0x11468d142559f6ab61e69b47f30fa6a36c93ee92 | 0.0000 | https://etherscan.io/tx/0x704095fe24c9f420391ebb9be4ae26d0e5c7709cd2de97ee7b4c2806ab055325
5088426 | 14.02.2018 14:07:25 | 0x04a64ab00b264528c7153e64d339a16a09b2748c | 0x4e1b32cb147edfe07622c88b90f1ea0df00b6aed | 10.7791 | https://etherscan.io/tx/0xcdb700426c0818caeb705bffa9c99f7aedcdbaef96439e07fe69a374a7fb94c1
5088432 | 14.02.2018 14:09:05 | 0x04a64ab00b264528c7153e64d339a16a09b2748c | 0x4e1b32cb147edfe07622c88b90f1ea0df00b6aed | 1.2313 | https://etherscan.io/tx/0xfced4fbb380ea689d3b6108e7fc0e4696911b35673b4b9ba5510e95f9b38f7e8
5088432 | 14.02.2018 14:09:05 | 0x04a64ab00b264528c7153e64d339a16a09b2748c | 0x4e1b32cb147edfe07622c88b90f1ea0df00b6aed | 0.9186 | https://etherscan.io/tx/0xc24ac2fac645b83eb82dd8683c3f16642a9b8c84835193a2158194c92ccc8517
5088676 | 14.02.2018 15:08:11 | 0x4e1b32cb147edfe07622c88b90f1ea0df00b6aed | 0x8c1ff3a8c6f8383225797b703cfa0fc39ecdc4a1 | 8.9500 | https://etherscan.io/tx/0xa14d1a91a643205f9bc2a436dcf5efeef25f9c96a964460e02b31d5f3374dd36
5088759 | 14.02.2018 15:28:44 | 0x4e1b32cb147edfe07622c88b90f1ea0df00b6aed | 0xc9d41e01f344f2063b5b9c8d2d67a772ec0645b3 | 4.0000 | https://etherscan.io/tx/0xdc4b8414847d384a7857e44fcd250262e2ba6554bdc2dc972ba95d85506ff622
5096580 | 15.02.2018 23:15:21 | 0x267be1c1d684f78cb4f6a176c4911b741e4ffdc0 | 0x4e1b32cb147edfe07622c88b90f1ea0df00b6aed | 2.4950 | https://etherscan.io/tx/0xdedfec874b782bb64b6493c5fe694d362870421b60a6f05bd1546c446d71b2d2
5096593 | 15.02.2018 23:18:24 | 0x4e1b32cb147edfe07622c88b90f1ea0df00b6aed | 0x8c1ff3a8c6f8383225797b703cfa0fc39ecdc4a1 | 2.5000 | https://etherscan.io/tx/0x2ee3d8c1de7e9c611ead071df4b9885d08d7c239b1e1961056daf8b1ed30170d
5172542 | 28.02.2018 20:33:29 | 0x40bba0bc0f705de588b2d828de11b9995dcf12ad | 0x4e1b32cb147edfe07622c88b90f1ea0df00b6aed | 0.7388 | https://etherscan.io/tx/0x6eece6193763085ff7d521722702010af155dc743e454a4e7e692c9bb2538eda
5182319 | 02.03.2018 12:34:17 | 0x4e1b32cb147edfe07622c88b90f1ea0df00b6aed | 0x6cdfa4e454204aaf9f9d8126278e4924a23a0100 | 0.0100 | https://etherscan.io/tx/0xe18813c7ee259def797e0860e4683ce202f2c820f35f7ffb1af04116f14ae5d7
5182337 | 02.03.2018 12:39:03 | 0xf96308487adac390cb937b7861d6823e9aa66841 | 0x4e1b32cb147edfe07622c88b90f1ea0df00b6aed | 0.0312 | https://etherscan.io/tx/0x9de7dce44673b3e06c004f448188d372aed412e6ee039f899cd6c253971b5a29
5183863 | 02.03.2018 18:50:24 | 0x267be1c1d684f78cb4f6a176c4911b741e4ffdc0 | 0x4e1b32cb147edfe07622c88b90f1ea0df00b6aed | 4.2350 | https://etherscan.io/tx/0x2f548efd9937f1e701ad09aa249a20de21b9261162e3fc2d92add30dd7235ed1
5183882 | 02.03.2018 18:54:59 | 0x4e1b32cb147edfe07622c88b90f1ea0df00b6aed | 0x8c1ff3a8c6f8383225797b703cfa0fc39ecdc4a1 | 4.9900 | https://etherscan.io/tx/0xa03c87786f7b264450f7324d4927d17e2314951a98edf94e68c7145f1ceaa96f
5223390 | 09.03.2018 11:39:16 | 0x267be1c1d684f78cb4f6a176c4911b741e4ffdc0 | 0x4e1b32cb147edfe07622c88b90f1ea0df00b6aed | 0.3400 | https://etherscan.io/tx/0xa6755334e0a97e75da6c970515c3b0c35a96a778809d3b747aebe4d182c22ecc
5223424 | 09.03.2018 11:46:43 | 0x4e1b32cb147edfe07622c88b90f1ea0df00b6aed | 0x8c1ff3a8c6f8383225797b703cfa0fc39ecdc4a1 | 0.3400 | https://etherscan.io/tx/0x0ef57726e43eb5bcb6b7f6d389eb565592b27d0d1227d2f43641e22ad2ccef23
5377360 | 04.04.2018 08:35:05 | 0x4e1b32cb147edfe07622c88b90f1ea0df00b6aed | 0xc9d41e01f344f2063b5b9c8d2d67a772ec0645b3 | 3.5700 | https://etherscan.io/tx/0xd34cd473bfb22bc02a71cb5b8a740f130ee25465a02f4c2a9ede39fad622aac0
5379948 | 04.04.2018 18:59:34 | 0xf96308487adac390cb937b7861d6823e9aa66841 | 0x4e1b32cb147edfe07622c88b90f1ea0df00b6aed | 0.0134 | https://etherscan.io/tx/0x90b0d0d5828e5e0334f09446d26e21bd881754fb97734fce23cf0c6a415fa131
5384209 | 05.04.2018 12:05:01 | 0x267be1c1d684f78cb4f6a176c4911b741e4ffdc0 | 0x4e1b32cb147edfe07622c88b90f1ea0df00b6aed | 6.2152 | https://etherscan.io/tx/0x474faac7e3750d02435f9e9e238b276f7533cdc404dbfa58d63ea1cb0369ee70
5384260 | 05.04.2018 12:18:14 | 0x4e1b32cb147edfe07622c88b90f1ea0df00b6aed | 0x8d12a197cb00d4747a1fe03395095ce2a5cc6819 | 6.2500 | https://etherscan.io/tx/0x09bb0c6fd4c3ba0bb7cecf9feb58c6006e7b0553f5bf8fb30ddabe24f12b6540
5384722 | 05.04.2018 14:11:26 | 0x4e1b32cb147edfe07622c88b90f1ea0df00b6aed | 0x8d12a197cb00d4747a1fe03395095ce2a5cc6819 | 0.0000 | https://etherscan.io/tx/0x17c15570845a06bc13ab5b33b2b3d7eac5465e5a559cfbf0eb197f9fb673e95a
5384739 | 05.04.2018 14:14:55 | 0x4e1b32cb147edfe07622c88b90f1ea0df00b6aed | 0xc9d41e01f344f2063b5b9c8d2d67a772ec0645b3 | 6.2700 | https://etherscan.io/tx/0x7a706e5081b1a6baf8a3e44f1cf3571fc8a42ef94c6dad0ed2bad478f36580cb
5516467 | 27.04.2018 22:23:11 | 0x4e1b32cb147edfe07622c88b90f1ea0df00b6aed | 0x8d12a197cb00d4747a1fe03395095ce2a5cc6819 | 0.9000 | https://etherscan.io/tx/0x712a9d9114e0b28c32cba3aebef8ee32ff95b9fc7b538a840d9ce87fb05999b1
5553260 | 04.05.2018 08:47:50 | 0xf96308487adac390cb937b7861d6823e9aa66841 | 0x4e1b32cb147edfe07622c88b90f1ea0df00b6aed | 0.0407 | https://etherscan.io/tx/0x3aef22002af88cbab80911d60f3f799b731336a2969799e7cc9b48f3a153ec2b
5556380 | 04.05.2018 22:19:20 | 0x4e1b32cb147edfe07622c88b90f1ea0df00b6aed | 0x8d12a197cb00d4747a1fe03395095ce2a5cc6819 | 0.0000 | https://etherscan.io/tx/0x531f8b2b35bb40386b8149cd78406031735d9ea43c70a8e4d251166f08cf2bf0
5574161 | 08.05.2018 00:15:38 | 0x4e1b32cb147edfe07622c88b90f1ea0df00b6aed | 0x17940cb3e4b4c69c4d8a2cd86c9b63b72a9ff79c | 0.9500 | https://etherscan.io/tx/0xa43ac378a0ef11f8226d19e1593cf7bd9f5797c39caf9d869e674094a9f07f5d
5701918 | 30.05.2018 12:30:07 | 0x267be1c1d684f78cb4f6a176c4911b741e4ffdc0 | 0x4e1b32cb147edfe07622c88b90f1ea0df00b6aed | 16.5250 | https://etherscan.io/tx/0x3cfa18afa3d2e39d25ffa45092ffc66e1745ea81650fc2885dfb4b5a549a9ece
5701980 | 30.05.2018 12:45:49 | 0x4e1b32cb147edfe07622c88b90f1ea0df00b6aed | 0xabba3d422132c0593d582b20e321ee6a7bfb1952 | 6.2000 | https://etherscan.io/tx/0xbe64f1464ef59e5e28a8fcfacc4a6b9c428cc46115f0eb936af13621b984beda
5701997 | 30.05.2018 12:50:28 | 0x4e1b32cb147edfe07622c88b90f1ea0df00b6aed | 0xfa4c5905049fab41ce0b593c8b91676bc3321dce | 10.3300 | https://etherscan.io/tx/0x0e71bc2d19a759b1cfb74b11858624fffead1e891985616eb0181a82136a8317
5710007 | 31.05.2018 22:56:26 | 0xf96308487adac390cb937b7861d6823e9aa66841 | 0x4e1b32cb147edfe07622c88b90f1ea0df00b6aed | 0.1154 | https://etherscan.io/tx/0xba85bc2a4ed2a1b14e61db15bd379a19d39e6d21f9a049d75851f7f9d52815e0
5747673 | 07.06.2018 15:33:54 | 0x4e1b32cb147edfe07622c88b90f1ea0df00b6aed | 0x80f1f0fa64778fbf4c2e893c348ca75837e9f6bf | 1.0000 | https://etherscan.io/tx/0x624190444404605c0dfa567887dd93131b80845a6fa42fb0adee44db548da0d3
5750977 | 08.06.2018 05:38:36 | 0x4e1b32cb147edfe07622c88b90f1ea0df00b6aed | 0x8d12a197cb00d4747a1fe03395095ce2a5cc6819 | 0.6000 | https://etherscan.io/tx/0x25fda059a393be7969485c416aca1b46923b5fa699e099c94db98af62975cb6f
5755018 | 08.06.2018 22:36:05 | 0x267be1c1d684f78cb4f6a176c4911b741e4ffdc0 | 0x4e1b32cb147edfe07622c88b90f1ea0df00b6aed | 4.9347 | https://etherscan.io/tx/0x5fa7eebd7c895cf23b99793ceb11fc6a339c5d695d779ea007ff425c013b52e9
5755121 | 08.06.2018 23:00:52 | 0x4e1b32cb147edfe07622c88b90f1ea0df00b6aed | 0xfc0bd00e00e6f695db97cb83396742695b18e626 | 4.9600 | https://etherscan.io/tx/0xfecf3ede043e4db4666e2b5c610608c4611fc25c908386aaa4c8dc1193f331e2
5786493 | 14.06.2018 11:40:04 | 0x4e1b32cb147edfe07622c88b90f1ea0df00b6aed | 0x8d12a197cb00d4747a1fe03395095ce2a5cc6819 | 0.0000 | https://etherscan.io/tx/0x65712f665d394b964bd86bcb42bc1b55be8137f856e2837f60f5c955cad6e79b
5786562 | 14.06.2018 11:56:27 | 0x4e1b32cb147edfe07622c88b90f1ea0df00b6aed | 0x80f1f0fa64778fbf4c2e893c348ca75837e9f6bf | 0.6000 | https://etherscan.io/tx/0xda68e802ff5722241422b79724ebd8334341c93f41755ee2113094b4dd84d2f1
5856381 | 26.06.2018 11:00:37 | 0xe88fd02ea1d6b1c83358b2f75acb805c3e7a97c5 | 0x4e1b32cb147edfe07622c88b90f1ea0df00b6aed | 3.0000 | https://etherscan.io/tx/0x64b6ddefb67f815e9acad11379f88ca4dbe97744ef3884be5163ddb1d82d1872
5858740 | 26.06.2018 20:48:29 | 0x267be1c1d684f78cb4f6a176c4911b741e4ffdc0 | 0x4e1b32cb147edfe07622c88b90f1ea0df00b6aed | 7.8408 | https://etherscan.io/tx/0x5d479797c860074c5d2b419776f58b96399e48e4a25d45955929f7c65fdcea0d
5858985 | 26.06.2018 21:47:39 | 0x4e1b32cb147edfe07622c88b90f1ea0df00b6aed | 0x05f6063f156f6cebf5d22f2671603f0011c9d0f2 | 10.8408 | https://etherscan.io/tx/0x6ef5678ae86cf5e1bf4c55469fb75ca8807168990bf03c44a965bbde48da0c64
5859012 | 26.06.2018 21:54:54 | 0x267be1c1d684f78cb4f6a176c4911b741e4ffdc0 | 0x4e1b32cb147edfe07622c88b90f1ea0df00b6aed | 5.2095 | https://etherscan.io/tx/0x7a89effde6f3a22ad88e5f61ff2c46940b37c0108d9a14434e69ba1ae6abc281
5859049 | 26.06.2018 22:03:02 | 0x4e1b32cb147edfe07622c88b90f1ea0df00b6aed | 0x4b0e23907e6edde16002119f39c98ad803340646 | 5.2100 | https://etherscan.io/tx/0x438fef7668b7f72a155dea334b4c51ea5b7f6f8a5145cfb1eb6254e71d13aeb8
5895743 | 03.07.2018 04:58:14 | 0xffa31dafc922c750073f1f677329b514dba21dd7 | 0x4e1b32cb147edfe07622c88b90f1ea0df00b6aed | 3.1607 | https://etherscan.io/tx/0x1db00eded5375d04a8e507a5d303fe69650d18fe5fd1c7b35e8dd7e748ad095c
5898640 | 03.07.2018 16:57:02 | 0x4b0e23907e6edde16002119f39c98ad803340646 | 0x4e1b32cb147edfe07622c88b90f1ea0df00b6aed | 5.2100 | https://etherscan.io/tx/0x44dfdda2ad63ca3098fdc546b48eb8673350ade9dcf0a22478f087f531b67259
5903632 | 04.07.2018 13:28:57 | 0x4e1b32cb147edfe07622c88b90f1ea0df00b6aed | 0x80f1f0fa64778fbf4c2e893c348ca75837e9f6bf | 4.3000 | https://etherscan.io/tx/0xb6e698651955802894be4617e9ef00d11a0429a17d1f20ce3d354be31ba92019
5903718 | 04.07.2018 13:49:58 | 0x4e1b32cb147edfe07622c88b90f1ea0df00b6aed | 0xc9d41e01f344f2063b5b9c8d2d67a772ec0645b3 | 5.0000 | https://etherscan.io/tx/0xc98605711a279a714ac27f2d48acc9ef4f64261910e7d33bded941eca4d912dd
5937818 | 10.07.2018 10:46:08 | 0xf96308487adac390cb937b7861d6823e9aa66841 | 0x4e1b32cb147edfe07622c88b90f1ea0df00b6aed | 0.0191 | https://etherscan.io/tx/0xdc0edbe606d090ad260f513ba3a6e663a33070e4602decaccec1b233bbe4a60d
5946078 | 11.07.2018 20:55:08 | 0x43b0eb4dfe7a3a86b4805b6db07e80c285b54553 | 0x4e1b32cb147edfe07622c88b90f1ea0df00b6aed | 3.9929 | https://etherscan.io/tx/0x3377dfa08fb6b41d708d973df91180ab681f2b51d2b91ed10024a9f2a4789679
5946089 | 11.07.2018 20:57:20 | 0x4e1b32cb147edfe07622c88b90f1ea0df00b6aed | 0x8d12a197cb00d4747a1fe03395095ce2a5cc6819 | 3.0000 | https://etherscan.io/tx/0xcaec233e8da1924df469f76a6a284709f0b13c7c000b7f562c8d3035f0b6dc16
5946098 | 11.07.2018 21:00:14 | 0x4e1b32cb147edfe07622c88b90f1ea0df00b6aed | 0x8d12a197cb00d4747a1fe03395095ce2a5cc6819 | 0.0000 | https://etherscan.io/tx/0x59716912e32552d1ca4de990e08ba38bef5a12d4ea1f2725c22be212a64eb037
5946116 | 11.07.2018 21:03:20 | 0x4e1b32cb147edfe07622c88b90f1ea0df00b6aed | 0x8d12a197cb00d4747a1fe03395095ce2a5cc6819 | 0.0000 | https://etherscan.io/tx/0x66edafda647b940f1e9f7faad113d7bcd6878e20d98a4c8993fc92b580f94613
5946119 | 11.07.2018 21:04:28 | 0x4e1b32cb147edfe07622c88b90f1ea0df00b6aed | 0x8d12a197cb00d4747a1fe03395095ce2a5cc6819 | 0.0000 | https://etherscan.io/tx/0x0339f8a709697ddb16214ea7edc07789c81bdb27941f7ef918385fcf3d5d0645
5946126 | 11.07.2018 21:06:17 | 0x4e1b32cb147edfe07622c88b90f1ea0df00b6aed | 0x8d12a197cb00d4747a1fe03395095ce2a5cc6819 | 0.0000 | https://etherscan.io/tx/0xf0e63618c96c7dd94fa3eaef025c13dfd57ef1b7f674fde33da3ef76805d3b1e
5946139 | 11.07.2018 21:08:59 | 0x4e1b32cb147edfe07622c88b90f1ea0df00b6aed | 0x8d12a197cb00d4747a1fe03395095ce2a5cc6819 | 0.0000 | https://etherscan.io/tx/0xdc0cef527fdd9d0fd84182bf93bc68891cc351aad8c7ba42feb5ab64b100c8e6
5946143 | 11.07.2018 21:10:50 | 0x4e1b32cb147edfe07622c88b90f1ea0df00b6aed | 0x8d12a197cb00d4747a1fe03395095ce2a5cc6819 | 0.9000 | https://etherscan.io/tx/0xd8805a722a5c7a86fddfce62255c561650018bb6d8c4398546e1a4f4f6f5f641
5946150 | 11.07.2018 21:12:45 | 0x4e1b32cb147edfe07622c88b90f1ea0df00b6aed | 0x8d12a197cb00d4747a1fe03395095ce2a5cc6819 | 0.0000 | https://etherscan.io/tx/0x14aa0ba30dad27d118c14a5903c502600a9739578698e503d23ad84a4704f2bd
5946164 | 11.07.2018 21:15:40 | 0x4e1b32cb147edfe07622c88b90f1ea0df00b6aed | 0x8d12a197cb00d4747a1fe03395095ce2a5cc6819 | 0.0500 | https://etherscan.io/tx/0xf91dea6d1fcc82a8ab6212034cd3250a62db453bb0ae3caff41e20ed9cf8c860
5946170 | 11.07.2018 21:17:25 | 0x4e1b32cb147edfe07622c88b90f1ea0df00b6aed | 0x8d12a197cb00d4747a1fe03395095ce2a5cc6819 | 0.0000 | https://etherscan.io/tx/0xfd03a3d8aa56f0333f58fb471cf3564a026077f88cf0b51502780470f0a3ad6f
5946199 | 11.07.2018 21:22:05 | 0x43b0eb4dfe7a3a86b4805b6db07e80c285b54553 | 0x4e1b32cb147edfe07622c88b90f1ea0df00b6aed | 1.9993 | https://etherscan.io/tx/0x1ce178b150ca6fd7e49e2916daa4ec81a707b72b607f14db566d25828333a113
5946378 | 11.07.2018 22:04:45 | 0x4e1b32cb147edfe07622c88b90f1ea0df00b6aed | 0x8d12a197cb00d4747a1fe03395095ce2a5cc6819 | 0.0000 | https://etherscan.io/tx/0x1abf5f171cee8ba8ba7c6994196fddebc2371950da4802031a50bc46bef8369f
5952763 | 12.07.2018 23:33:41 | 0x4e1b32cb147edfe07622c88b90f1ea0df00b6aed | 0x8d12a197cb00d4747a1fe03395095ce2a5cc6819 | 2.0000 | https://etherscan.io/tx/0x60f2291e4dba369800ddf1f777a59458facf6dcf6312308d5940a4130a666914
5955865 | 13.07.2018 12:00:36 | 0x267be1c1d684f78cb4f6a176c4911b741e4ffdc0 | 0x4e1b32cb147edfe07622c88b90f1ea0df00b6aed | 5.4395 | https://etherscan.io/tx/0x7a8ef5928787604562bcd8c2e974887a47948307c455d39aafd0d1de5e9defdd
5955950 | 13.07.2018 12:21:38 | 0x4e1b32cb147edfe07622c88b90f1ea0df00b6aed | 0x8d12a197cb00d4747a1fe03395095ce2a5cc6819 | 5.4000 | https://etherscan.io/tx/0xd28810dd45b0209fbd0ce1133d6577e12982aefae5d44c33ed170c6bb331f278
5955954 | 13.07.2018 12:22:17 | 0x4e1b32cb147edfe07622c88b90f1ea0df00b6aed | 0x8d12a197cb00d4747a1fe03395095ce2a5cc6819 | 0.0000 | https://etherscan.io/tx/0x347f7b9bcece69d8ff8862da6a19f03c274e53f0a1cdc91f429d4b5a832b2a41
5955969 | 13.07.2018 12:25:35 | 0x4e1b32cb147edfe07622c88b90f1ea0df00b6aed | 0x8d12a197cb00d4747a1fe03395095ce2a5cc6819 | 0.0000 | https://etherscan.io/tx/0x9995e7e767303f1c6edd40b112693b0ffe3eecf43114d2494bccf69be6947685
5956424 | 13.07.2018 14:18:12 | 0x4e1b32cb147edfe07622c88b90f1ea0df00b6aed | 0x8d12a197cb00d4747a1fe03395095ce2a5cc6819 | 0.0000 | https://etherscan.io/tx/0xdf7f3e08be28072701d71f34c374f8d97bd33395de202b7c2d8db88681b2d17d
5956452 | 13.07.2018 14:23:39 | 0x4e1b32cb147edfe07622c88b90f1ea0df00b6aed | 0x8d12a197cb00d4747a1fe03395095ce2a5cc6819 | 0.0000 | https://etherscan.io/tx/0xe87804540cd520ba486bf4931b4ea493dd0acf7da577f3e63cb3d8f8dc3786b5
5956503 | 13.07.2018 14:33:29 | 0x4e1b32cb147edfe07622c88b90f1ea0df00b6aed | 0x8d12a197cb00d4747a1fe03395095ce2a5cc6819 | 0.0000 | https://etherscan.io/tx/0x951fb983e05facd9670b45aade69c020aee62b11d2a5bac7aa4bf8ce249302c9
5958041 | 13.07.2018 20:53:48 | 0x4e1b32cb147edfe07622c88b90f1ea0df00b6aed | 0x8d12a197cb00d4747a1fe03395095ce2a5cc6819 | 0.0000 | https://etherscan.io/tx/0x1c45c07855d2ea44ca482676ba6048cdab7eafd9d6ef2e8f6cd8c70d5bebaf0c
5963836 | 14.07.2018 19:44:02 | 0x4e1b32cb147edfe07622c88b90f1ea0df00b6aed | 0x799d214d7143b766cdd4979cd0280939288ba931 | 0.0000 | https://etherscan.io/tx/0xfaf5710af328d6e01e4d22187f901252f9a2573a2180702899642f4e8c316746
5970811 | 15.07.2018 23:41:35 | 0x4e1b32cb147edfe07622c88b90f1ea0df00b6aed | 0x799d214d7143b766cdd4979cd0280939288ba931 | 0.0000 | https://etherscan.io/tx/0x8b6ac1665c99a23e9e00d4b00a049c920fe0eb2ff999b25e8e86bc5ea4f30773
5970821 | 15.07.2018 23:45:13 | 0x4e1b32cb147edfe07622c88b90f1ea0df00b6aed | 0x8d12a197cb00d4747a1fe03395095ce2a5cc6819 | 0.0000 | https://etherscan.io/tx/0xdc04ee6bb35df6a0867222b79238321bfbee69b6d59a6bda9d36db52e6cd7eb1
6073727 | 02.08.2018 10:32:25 | 0xf96308487adac390cb937b7861d6823e9aa66841 | 0x4e1b32cb147edfe07622c88b90f1ea0df00b6aed | 0.0491 | https://etherscan.io/tx/0x25e58fb452d103139c346fdc785edcf1c5119bb07982ced280036c80be633ad9
6123071 | 10.08.2018 18:35:01 | 0x43b0eb4dfe7a3a86b4805b6db07e80c285b54553 | 0x4e1b32cb147edfe07622c88b90f1ea0df00b6aed | 1.0000 | https://etherscan.io/tx/0x4fb5efef565ff02f13fce7058e3c3ab39cb650022876b794e1b48a741183f5b0
6127482 | 11.08.2018 12:28:55 | 0x4e1b32cb147edfe07622c88b90f1ea0df00b6aed | 0x8d12a197cb00d4747a1fe03395095ce2a5cc6819 | 0.9940 | https://etherscan.io/tx/0x95e452f90dd57b977dd0f388531bf7d900920a3d8a48e02765d26ba722fd4bf1
6134381 | 12.08.2018 16:47:44 | 0x4e1b32cb147edfe07622c88b90f1ea0df00b6aed | 0x8d12a197cb00d4747a1fe03395095ce2a5cc6819 | 0.0000 | https://etherscan.io/tx/0x6e4122f6ec1f0c6f6b13542b0a71efad41774a1234ff4a2afe733eb264fc1716
6144578 | 14.08.2018 10:13:05 | 0x4e1b32cb147edfe07622c88b90f1ea0df00b6aed | 0x8d12a197cb00d4747a1fe03395095ce2a5cc6819 | 0.0000 | https://etherscan.io/tx/0xf8f5452208899d441c1a8f18ece6b2aeb279124f84a728e7f6d84b987f8cf729
6144578 | 14.08.2018 10:13:05 | 0x4e1b32cb147edfe07622c88b90f1ea0df00b6aed | 0x8d12a197cb00d4747a1fe03395095ce2a5cc6819 | 0.0000 | https://etherscan.io/tx/0xf70104af4703bed565d8df9ec568160a49eed71235f3a523aaee1f1c9e003083
6150475 | 15.08.2018 09:54:39 | 0x4e1b32cb147edfe07622c88b90f1ea0df00b6aed | 0x799d214d7143b766cdd4979cd0280939288ba931 | 0.0000 | https://etherscan.io/tx/0x148c35114bf325c3f03d506c3afa26cbbf54c77675cbb6e69e12ac230f936d02
6150475 | 15.08.2018 09:54:39 | 0x4e1b32cb147edfe07622c88b90f1ea0df00b6aed | 0x8d12a197cb00d4747a1fe03395095ce2a5cc6819 | 0.0000 | https://etherscan.io/tx/0x336144fcf67a6a4dfb0d8743abaf0c38285e0e5529c78b2e1663d6a6511305a5
6152390 | 15.08.2018 17:41:55 | 0x4e1b32cb147edfe07622c88b90f1ea0df00b6aed | 0x8d12a197cb00d4747a1fe03395095ce2a5cc6819 | 0.0000 | https://etherscan.io/tx/0x0d805c3c6eb064b4534d34b4f0bf0ba5595350771ec77755155080df734f66ed
6152430 | 15.08.2018 17:50:30 | 0x43b0eb4dfe7a3a86b4805b6db07e80c285b54553 | 0x4e1b32cb147edfe07622c88b90f1ea0df00b6aed | 2.0000 | https://etherscan.io/tx/0x5f05b2c8ab168aaefefc05c2dc7536ffe1732a1c83d785ac08b5a1fde8e4457b
6152451 | 15.08.2018 17:54:49 | 0x4e1b32cb147edfe07622c88b90f1ea0df00b6aed | 0x8d12a197cb00d4747a1fe03395095ce2a5cc6819 | 2.1000 | https://etherscan.io/tx/0x2e0e331dd5daba548882d9e6a4aade72bb99451e3021885a1c2e1b23696daaf1
6163405 | 17.08.2018 14:17:28 | 0x4e1b32cb147edfe07622c88b90f1ea0df00b6aed | 0x8d12a197cb00d4747a1fe03395095ce2a5cc6819 | 0.0000 | https://etherscan.io/tx/0x7c7cd67f2c70df321983eb7108d27876a0f07288d19888f1120c0cdaff0b68be
6163405 | 17.08.2018 14:17:28 | 0x4e1b32cb147edfe07622c88b90f1ea0df00b6aed | 0x8d12a197cb00d4747a1fe03395095ce2a5cc6819 | 0.0000 | https://etherscan.io/tx/0x6789d8da6217a1adf4e2d0215f27dc6cb45cb3b8dd219cb6743ac673949bfc2b
6168988 | 18.08.2018 13:13:19 | 0x4e1b32cb147edfe07622c88b90f1ea0df00b6aed | 0x8d12a197cb00d4747a1fe03395095ce2a5cc6819 | 0.0000 | https://etherscan.io/tx/0x3fbc83d5c19267f440bd16669df156601abb496dabcfbe1097172494841b9b52
6168999 | 18.08.2018 13:16:45 | 0x4e1b32cb147edfe07622c88b90f1ea0df00b6aed | 0x8d12a197cb00d4747a1fe03395095ce2a5cc6819 | 0.0000 | https://etherscan.io/tx/0x97f60691c62d66c304372551c0f838ae11451a9c88f682f1d4cbeaf6d1fbf020
6169010 | 18.08.2018 13:18:15 | 0x4e1b32cb147edfe07622c88b90f1ea0df00b6aed | 0x8d12a197cb00d4747a1fe03395095ce2a5cc6819 | 0.0000 | https://etherscan.io/tx/0x983448877b1d36547a5fd0619342f55487f153e324d2989446e1517faf55e567
6169364 | 18.08.2018 14:42:40 | 0x4e1b32cb147edfe07622c88b90f1ea0df00b6aed | 0x8d12a197cb00d4747a1fe03395095ce2a5cc6819 | 0.0000 | https://etherscan.io/tx/0x01a1a0626d8ed3fd66546b29ef416743e26da2475a1101317109408c7bab6a84
6169397 | 18.08.2018 14:52:09 | 0x4e1b32cb147edfe07622c88b90f1ea0df00b6aed | 0xc9d41e01f344f2063b5b9c8d2d67a772ec0645b3 | 19.9800 | https://etherscan.io/tx/0xfe7296b2c6c1fe789f780b21c5a11cc1a7fce47f476ab921400cb22aff49672b
6180133 | 20.08.2018 10:21:44 | 0x4e1b32cb147edfe07622c88b90f1ea0df00b6aed | 0x8d12a197cb00d4747a1fe03395095ce2a5cc6819 | 0.0000 | https://etherscan.io/tx/0x0214f3af03abc531b7b6aa675ec38371e19fe4c44f6935b683d8dc905b63ac6d
6182669 | 20.08.2018 20:45:39 | 0x4e1b32cb147edfe07622c88b90f1ea0df00b6aed | 0x8d12a197cb00d4747a1fe03395095ce2a5cc6819 | 0.0000 | https://etherscan.io/tx/0xd2e7a2fdf1bf9c3a1da528dda3e1465f842c76311e7716d9ef347411911de56e
6182669 | 20.08.2018 20:45:39 | 0x4e1b32cb147edfe07622c88b90f1ea0df00b6aed | 0x8d12a197cb00d4747a1fe03395095ce2a5cc6819 | 0.0000 | https://etherscan.io/tx/0x5c639fe19683728f134a35f71910576463dfa7c12d10c68016a0602476dd1fb9
6187102 | 21.08.2018 14:33:18 | 0x4e1b32cb147edfe07622c88b90f1ea0df00b6aed | 0x8d12a197cb00d4747a1fe03395095ce2a5cc6819 | 0.0000 | https://etherscan.io/tx/0xe60bf57d9abc2149dcf9e1b3bc32203f42f76eba16f0fea01362ca9bfd883ec1
6187111 | 21.08.2018 14:36:47 | 0x4e1b32cb147edfe07622c88b90f1ea0df00b6aed | 0x8d12a197cb00d4747a1fe03395095ce2a5cc6819 | 0.0000 | https://etherscan.io/tx/0xf100c9053957c666be3a279e3b33455052b191a8bf99bee0f8d2db1fb1f1a7ea
6192633 | 22.08.2018 12:48:26 | 0x4e1b32cb147edfe07622c88b90f1ea0df00b6aed | 0x8d12a197cb00d4747a1fe03395095ce2a5cc6819 | 0.0000 | https://etherscan.io/tx/0x3c9e0248499fd58199dbe60c18bfdc570cc3b4fb200f3cb923d46b5723611512
6198141 | 23.08.2018 11:12:42 | 0x267be1c1d684f78cb4f6a176c4911b741e4ffdc0 | 0x4e1b32cb147edfe07622c88b90f1ea0df00b6aed | 5.4950 | https://etherscan.io/tx/0xfecee30c265e1255cc486b692288b6e602967608c2e5bbd39c2329e546a2c6ed
6198208 | 23.08.2018 11:27:52 | 0x4e1b32cb147edfe07622c88b90f1ea0df00b6aed | 0x8d12a197cb00d4747a1fe03395095ce2a5cc6819 | 5.5100 | https://etherscan.io/tx/0x4e3f658a7eba6f4689ffc5c878405ac919d50458eeb0f3a524a833ddee9b4c93
6198214 | 23.08.2018 11:29:19 | 0x4e1b32cb147edfe07622c88b90f1ea0df00b6aed | 0x8d12a197cb00d4747a1fe03395095ce2a5cc6819 | 0.0000 | https://etherscan.io/tx/0x6dd12c7e1f7688f9acf0e7fd55f5a762e0e0d360a5fc64de503da7e8d0898f1b
6198214 | 23.08.2018 11:29:19 | 0x4e1b32cb147edfe07622c88b90f1ea0df00b6aed | 0x8d12a197cb00d4747a1fe03395095ce2a5cc6819 | 0.0000 | https://etherscan.io/tx/0xa97dd19cbf60df4072939a3837797652d70389d09b0aac3140fc97ed12f1dc04
6198219 | 23.08.2018 11:30:33 | 0x4e1b32cb147edfe07622c88b90f1ea0df00b6aed | 0x8d12a197cb00d4747a1fe03395095ce2a5cc6819 | 0.0000 | https://etherscan.io/tx/0xb5ea8e3291529d8553bd165108a15c82225012219887c635b08f622fea8c5c57
6205143 | 24.08.2018 15:47:10 | 0x4e1b32cb147edfe07622c88b90f1ea0df00b6aed | 0x8d12a197cb00d4747a1fe03395095ce2a5cc6819 | 0.0000 | https://etherscan.io/tx/0xe990ae62a22cae721ff53e65f38678be3313d3fc94d5202641cc2497b9a52082
6241415 | 30.08.2018 18:53:28 | 0x44dc6004343063a0227d801d1d30440028cc6f8d | 0x4e1b32cb147edfe07622c88b90f1ea0df00b6aed | 0.8819 | https://etherscan.io/tx/0x915b2995dbc6b470889c9106bacff43ee984f2d0e0de58928c99c293954ee836
6268858 | 04.09.2018 09:39:45 | 0x4e1b32cb147edfe07622c88b90f1ea0df00b6aed | 0x799d214d7143b766cdd4979cd0280939288ba931 | 0.0000 | https://etherscan.io/tx/0xa363ed7453c57d6b3c4c35d927c1301eab761370f531f1511b002c173744d5c7
6268860 | 04.09.2018 09:40:24 | 0x4e1b32cb147edfe07622c88b90f1ea0df00b6aed | 0x8d12a197cb00d4747a1fe03395095ce2a5cc6819 | 0.0000 | https://etherscan.io/tx/0xe4bc3bac7ad96aac6b103aace21a88d0e589416bccc586de656ca083a29a5573
6269880 | 04.09.2018 13:52:41 | 0x4e1b32cb147edfe07622c88b90f1ea0df00b6aed | 0x8d12a197cb00d4747a1fe03395095ce2a5cc6819 | 0.0000 | https://etherscan.io/tx/0x2cf92ce9e66d1996e44ba0e9e6f725eab63cf82f8ed4b88e2a325a99ae79200e
6269890 | 04.09.2018 13:54:37 | 0x4e1b32cb147edfe07622c88b90f1ea0df00b6aed | 0x8d12a197cb00d4747a1fe03395095ce2a5cc6819 | 0.0000 | https://etherscan.io/tx/0xd77a240e80001094dcdd405fe3f80eca123bc3d492de55b795800a400a270785
6269932 | 04.09.2018 14:01:46 | 0x4e1b32cb147edfe07622c88b90f1ea0df00b6aed | 0x8d12a197cb00d4747a1fe03395095ce2a5cc6819 | 0.0000 | https://etherscan.io/tx/0x0e7a1b5c312373f2c699e38f8cd2961d6a94b1e1919aa42af6a951df5cb2db87
6270142 | 04.09.2018 14:52:28 | 0x4e1b32cb147edfe07622c88b90f1ea0df00b6aed | 0x8d12a197cb00d4747a1fe03395095ce2a5cc6819 | 0.0000 | https://etherscan.io/tx/0x80321ccd510d2ba7585cfd6f64b0922659ae325022946b3ab525ec5898936866
6270224 | 04.09.2018 15:14:34 | 0x4e1b32cb147edfe07622c88b90f1ea0df00b6aed | 0x8d12a197cb00d4747a1fe03395095ce2a5cc6819 | 0.0000 | https://etherscan.io/tx/0x89e1dbae9fd12946ef56bbba6b4b45c484a971445da32d4e4227a97677526114
6270237 | 04.09.2018 15:17:59 | 0x4e1b32cb147edfe07622c88b90f1ea0df00b6aed | 0x8d12a197cb00d4747a1fe03395095ce2a5cc6819 | 0.0000 | https://etherscan.io/tx/0xbd4ce622a55e624af554d5ca4210d136e952cbac2e6d119bf996379570f941de
6270287 | 04.09.2018 15:31:29 | 0x4e1b32cb147edfe07622c88b90f1ea0df00b6aed | 0x8d12a197cb00d4747a1fe03395095ce2a5cc6819 | 0.0000 | https://etherscan.io/tx/0x3b3493c50a1bc2bb8ebaabec375bcf3f64b2aa4390ef64e4bd5f6e8688cecf98
6270447 | 04.09.2018 16:08:55 | 0xf96308487adac390cb937b7861d6823e9aa66841 | 0x4e1b32cb147edfe07622c88b90f1ea0df00b6aed | 0.0431 | https://etherscan.io/tx/0xbc0cd9806f1faf33142cbc84a2c8229bb2cb1bd3cedb5c318ebf3b2e398cbee5
6275470 | 05.09.2018 12:17:48 | 0x4e1b32cb147edfe07622c88b90f1ea0df00b6aed | 0x35943bc9c5f1f2b7461cac8ae4e988a314282917 | 0.0100 | https://etherscan.io/tx/0x427bffd07f78f7fcba2716490f9ea6fd869e84492abc6e3f86b4eb7c0cbf94bb
6275507 | 05.09.2018 12:25:59 | 0x4e1b32cb147edfe07622c88b90f1ea0df00b6aed | 0x35943bc9c5f1f2b7461cac8ae4e988a314282917 | 19.9900 | https://etherscan.io/tx/0x2f2306c37c7df7c249ef99f8b78213a4bc9ad03978e3cca3fa8b0f6186774631
6275759 | 05.09.2018 13:31:04 | 0xe88fd02ea1d6b1c83358b2f75acb805c3e7a97c5 | 0x4e1b32cb147edfe07622c88b90f1ea0df00b6aed | 3.6000 | https://etherscan.io/tx/0x7bcc91938419ca0f1a359e0ba751b6c400f03a6c308d0014f8301a5050f586f2
6278427 | 06.09.2018 00:09:04 | 0x4e1b32cb147edfe07622c88b90f1ea0df00b6aed | 0x8d12a197cb00d4747a1fe03395095ce2a5cc6819 | 0.0000 | https://etherscan.io/tx/0x999bc9916ef5cb94edf85bff396283024bca2f41a5c632a842e0bbf66475e708
6278429 | 06.09.2018 00:09:43 | 0x4e1b32cb147edfe07622c88b90f1ea0df00b6aed | 0x8d12a197cb00d4747a1fe03395095ce2a5cc6819 | 0.0000 | https://etherscan.io/tx/0x25d398355ca205640c90c4fdd2ce8d3536967ed7145d5a0dca737b408210885e
6278433 | 06.09.2018 00:10:22 | 0x4e1b32cb147edfe07622c88b90f1ea0df00b6aed | 0x8d12a197cb00d4747a1fe03395095ce2a5cc6819 | 0.0000 | https://etherscan.io/tx/0x50f6f88cfa0f3de1ee29790348d9441a2771dc11643874c1c674dc28d6d17315
6278435 | 06.09.2018 00:11:21 | 0x4e1b32cb147edfe07622c88b90f1ea0df00b6aed | 0x8d12a197cb00d4747a1fe03395095ce2a5cc6819 | 3.5610 | https://etherscan.io/tx/0x5d62bc14d9972d269e3630d391e3e13281e0a67b63ff2546c3dcc7271e37274f
6278446 | 06.09.2018 00:14:45 | 0x4e1b32cb147edfe07622c88b90f1ea0df00b6aed | 0x8d12a197cb00d4747a1fe03395095ce2a5cc6819 | 0.0000 | https://etherscan.io/tx/0x97a85e246e3cf5c5c906e2d34106ce9de4985d5894e7085883f06e6d8cbb003a
6278451 | 06.09.2018 00:16:32 | 0x4e1b32cb147edfe07622c88b90f1ea0df00b6aed | 0x8d12a197cb00d4747a1fe03395095ce2a5cc6819 | 0.1000 | https://etherscan.io/tx/0x3027bdab9c39ff376e27e917a0045603debfadc94d7946c53fc246ed99534c11
6278462 | 06.09.2018 00:18:16 | 0x4e1b32cb147edfe07622c88b90f1ea0df00b6aed | 0x8d12a197cb00d4747a1fe03395095ce2a5cc6819 | 0.0000 | https://etherscan.io/tx/0xd7196453ee9b9bdac280a23ba23087889063fc1ab3c583ef21bd43e1f26fe5d7
6278468 | 06.09.2018 00:20:13 | 0x4e1b32cb147edfe07622c88b90f1ea0df00b6aed | 0x8d12a197cb00d4747a1fe03395095ce2a5cc6819 | 0.0000 | https://etherscan.io/tx/0x029e5a3a934486f39e94c9acc41b1f20f47bcdd970bd95a7739f036edfd033f2
6329820 | 14.09.2018 14:06:46 | 0x4e1b32cb147edfe07622c88b90f1ea0df00b6aed | 0x799d214d7143b766cdd4979cd0280939288ba931 | 0.0000 | https://etherscan.io/tx/0x72bfe0cc6639c4a08fc63858f0678697e199650e8d09611521e114fed9b2e61b
6329822 | 14.09.2018 14:07:30 | 0x4e1b32cb147edfe07622c88b90f1ea0df00b6aed | 0x8d12a197cb00d4747a1fe03395095ce2a5cc6819 | 0.0000 | https://etherscan.io/tx/0xbe71a25db4d0c3f5f36447a1720e2b7e925848e51354e2a7cf4cc12e2ac70636
6347578 | 17.09.2018 12:32:53 | 0x4e1b32cb147edfe07622c88b90f1ea0df00b6aed | 0x8d12a197cb00d4747a1fe03395095ce2a5cc6819 | 0.0000 | https://etherscan.io/tx/0xa63885c7f3dd60256bdc71d6c083de9514f5c0ac971337ec728cdaee52ca291a
6347585 | 17.09.2018 12:34:59 | 0x4e1b32cb147edfe07622c88b90f1ea0df00b6aed | 0xcb06d0697b9a490698eb71eea7b5461aa20090a3 | 15.0050 | https://etherscan.io/tx/0xef9a9bb3da5903058c057ce39772ee2b66d55ac513d5883d7743e50f9bd956da
6347596 | 17.09.2018 12:38:31 | 0x4e1b32cb147edfe07622c88b90f1ea0df00b6aed | 0x8d12a197cb00d4747a1fe03395095ce2a5cc6819 | 0.0000 | https://etherscan.io/tx/0x7e56d313de15ba2d6294d38a642c3f4001aa50d900729f5df36b01430c7a8af3
6347621 | 17.09.2018 12:45:16 | 0x4e1b32cb147edfe07622c88b90f1ea0df00b6aed | 0xc9d41e01f344f2063b5b9c8d2d67a772ec0645b3 | 15.0050 | https://etherscan.io/tx/0x1ebba3b5d48fa15b8c6fc16d67342b89756fed931f5f4ef1177854329054b577
6347707 | 17.09.2018 13:07:29 | 0x4e1b32cb147edfe07622c88b90f1ea0df00b6aed | 0x8d12a197cb00d4747a1fe03395095ce2a5cc6819 | 0.0000 | https://etherscan.io/tx/0xa2182288f879bad5f5bb726f5b287e6adc2c13309b7400617c7f95eec74dde30
6347718 | 17.09.2018 13:10:20 | 0x4e1b32cb147edfe07622c88b90f1ea0df00b6aed | 0xc9d41e01f344f2063b5b9c8d2d67a772ec0645b3 | 1.5000 | https://etherscan.io/tx/0x902d6e79b324e8435d6b9a3c7123bf16c82f1ee29c1ba212c8e21ce1e41c4ba8
6347725 | 17.09.2018 13:14:37 | 0x4e1b32cb147edfe07622c88b90f1ea0df00b6aed | 0xcb06d0697b9a490698eb71eea7b5461aa20090a3 | 30.0100 | https://etherscan.io/tx/0x3aef1a8d4db73cd1eb0738dfdbb2a86176e084c11d0a8e55b08a23be0eae4b63
6356070 | 18.09.2018 22:15:08 | 0x4e1b32cb147edfe07622c88b90f1ea0df00b6aed | 0x799d214d7143b766cdd4979cd0280939288ba931 | 0.0000 | https://etherscan.io/tx/0xb6e93d44ca37897952229ed932bdfefc545e247a50e4c41bcf12308396068642
6356072 | 18.09.2018 22:15:16 | 0x4e1b32cb147edfe07622c88b90f1ea0df00b6aed | 0x8d12a197cb00d4747a1fe03395095ce2a5cc6819 | 0.0000 | https://etherscan.io/tx/0x45af9aad1bb622ab2a6f60ec291cc3a8bf290231f6f86ac5b2010deca7d9768f
6356494 | 18.09.2018 23:56:06 | 0x4e1b32cb147edfe07622c88b90f1ea0df00b6aed | 0x8d12a197cb00d4747a1fe03395095ce2a5cc6819 | 0.0000 | https://etherscan.io/tx/0x61013363840b74901be384d9bdd96cd6de243e564b9589f9ee2592645e7e6f4e
6356504 | 18.09.2018 23:57:39 | 0x4e1b32cb147edfe07622c88b90f1ea0df00b6aed | 0xcb06d0697b9a490698eb71eea7b5461aa20090a3 | 3.0000 | https://etherscan.io/tx/0x818f1200c91a3500e3ac5cafbf98d8c68e255e855dade5bf46c6ceafc639ed9b
6368047 | 20.09.2018 21:36:57 | 0x4e1b32cb147edfe07622c88b90f1ea0df00b6aed | 0x8d12a197cb00d4747a1fe03395095ce2a5cc6819 | 0.0000 | https://etherscan.io/tx/0x079992199561649acbe6b0c6f21dbafcc6d47bd0fdc892285c9cdc903b616e90
6368059 | 20.09.2018 21:40:29 | 0x4e1b32cb147edfe07622c88b90f1ea0df00b6aed | 0x8d12a197cb00d4747a1fe03395095ce2a5cc6819 | 0.0000 | https://etherscan.io/tx/0xfaa7fc84ccb8947901392a77c006b03351f23922ac6fac1bf1faaca6198ef280
6368059 | 20.09.2018 21:40:29 | 0x4e1b32cb147edfe07622c88b90f1ea0df00b6aed | 0x8d12a197cb00d4747a1fe03395095ce2a5cc6819 | 0.0000 | https://etherscan.io/tx/0x74b93cf3edd7a873662df43dec9941013f7885005aeaaf43fc770ecd5c74af50
6368059 | 20.09.2018 21:40:29 | 0x4e1b32cb147edfe07622c88b90f1ea0df00b6aed | 0x8d12a197cb00d4747a1fe03395095ce2a5cc6819 | 0.0000 | https://etherscan.io/tx/0x23a9af746363ba1704e1ff5d4a8935abede9dad6e76a4bdf06f4b46174287e1e
6368059 | 20.09.2018 21:40:29 | 0x4e1b32cb147edfe07622c88b90f1ea0df00b6aed | 0x8d12a197cb00d4747a1fe03395095ce2a5cc6819 | 0.0000 | https://etherscan.io/tx/0xc00481a6ae2a1dae9e9129e5e0e5e23ca72eae5126b8c80ddc50a593268de033
6368059 | 20.09.2018 21:40:29 | 0x4e1b32cb147edfe07622c88b90f1ea0df00b6aed | 0x8d12a197cb00d4747a1fe03395095ce2a5cc6819 | 0.0000 | https://etherscan.io/tx/0xfb885c42a16dd0578f9db57202ee29b6a6ec708ac97dacd16f4a62146652ba9e
6368093 | 20.09.2018 21:48:49 | 0x4e1b32cb147edfe07622c88b90f1ea0df00b6aed | 0x8d12a197cb00d4747a1fe03395095ce2a5cc6819 | 0.0000 | https://etherscan.io/tx/0xdfe0732455db9bb4c61f69eeadee638b2fc69b61a988889efeee81945031a7a2
6368121 | 20.09.2018 21:56:36 | 0x267be1c1d684f78cb4f6a176c4911b741e4ffdc0 | 0x4e1b32cb147edfe07622c88b90f1ea0df00b6aed | 0.5600 | https://etherscan.io/tx/0x6f9498b6a4af92de9fce745fb073090ee1ffc3392526c1d9d58612bbce531244
6368131 | 20.09.2018 21:59:20 | 0x4e1b32cb147edfe07622c88b90f1ea0df00b6aed | 0xcb06d0697b9a490698eb71eea7b5461aa20090a3 | 3.8100 | https://etherscan.io/tx/0x4afd6b5140901c90996f7678f666bfe4a2c457334aaedae10fe5bde94a0b9806
6405045 | 26.09.2018 23:41:04 | 0x4e1b32cb147edfe07622c88b90f1ea0df00b6aed | 0x799d214d7143b766cdd4979cd0280939288ba931 | 0.0000 | https://etherscan.io/tx/0x696aebf1e3a2cc690cf5fdeb28aac1f9fe99381e37de9c2632352dbfa2f814a1
6405048 | 26.09.2018 23:42:08 | 0x4e1b32cb147edfe07622c88b90f1ea0df00b6aed | 0x8d12a197cb00d4747a1fe03395095ce2a5cc6819 | 0.0000 | https://etherscan.io/tx/0xcbf62c0cf80ed144759ce65d2489264b93265b39c0d21031f38001323e76c0dc
6414796 | 28.09.2018 14:08:24 | 0x4e1b32cb147edfe07622c88b90f1ea0df00b6aed | 0x8d12a197cb00d4747a1fe03395095ce2a5cc6819 | 0.0000 | https://etherscan.io/tx/0x2e13a1d9f4d8a1ceb4496a1814dee80db12432f053047ef44708e0fde6d1590f
6414850 | 28.09.2018 14:20:16 | 0x4e1b32cb147edfe07622c88b90f1ea0df00b6aed | 0x8d12a197cb00d4747a1fe03395095ce2a5cc6819 | 0.0000 | https://etherscan.io/tx/0x194b2e7dcf2d44be680f2f7268edd88dfd613b57f0415ab199e8053fd5ae39df
6414867 | 28.09.2018 14:23:52 | 0x4e1b32cb147edfe07622c88b90f1ea0df00b6aed | 0x8d12a197cb00d4747a1fe03395095ce2a5cc6819 | 0.0000 | https://etherscan.io/tx/0x5a277c7cd3e4bb82bfdfb318b238ecf19f7b89501d0ce79486e1ca476d2a5690
6442371 | 03.10.2018 02:23:27 | 0x35943bc9c5f1f2b7461cac8ae4e988a314282917 | 0x4e1b32cb147edfe07622c88b90f1ea0df00b6aed | 0.9270 | https://etherscan.io/tx/0x3b15c58946b37803077bf40d18ebb29c2a0071f9ede160d4fee06918969a3667
6442833 | 03.10.2018 04:06:35 | 0x4e1b32cb147edfe07622c88b90f1ea0df00b6aed | 0x8d12a197cb00d4747a1fe03395095ce2a5cc6819 | 0.9300 | https://etherscan.io/tx/0xa2e6abf04cdb06235a12bf9be4bf743249947b8ef6cfe5ab52ac0d19731a958c
6457917 | 05.10.2018 15:16:02 | 0xf96308487adac390cb937b7861d6823e9aa66841 | 0x4e1b32cb147edfe07622c88b90f1ea0df00b6aed | 0.0517 | https://etherscan.io/tx/0x6700464e49645dd08732610baa62e93770f49f08e4e6c3f4e407e3c053b55a35
6458337 | 05.10.2018 16:50:44 | 0x562b3a113ac391b46f70e3b2a70c10fbd83f502a | 0x4e1b32cb147edfe07622c88b90f1ea0df00b6aed | 1.1707 | https://etherscan.io/tx/0xdadc4547820885709a5d3ec99fdf297758ec98fcd479f248e153ec884581bd2c
6481446 | 09.10.2018 10:33:28 | 0x4e1b32cb147edfe07622c88b90f1ea0df00b6aed | 0x8d12a197cb00d4747a1fe03395095ce2a5cc6819 | 1.2240 | https://etherscan.io/tx/0xeeb853e09b3a0bba0c5c24a0760dde87f44525bc22e02b65c53a3915e9406a0c
6482351 | 09.10.2018 14:00:23 | 0x4e1b32cb147edfe07622c88b90f1ea0df00b6aed | 0x8d12a197cb00d4747a1fe03395095ce2a5cc6819 | 0.0000 | https://etherscan.io/tx/0x84deda24d6a1c1ffc5fdaf3649307831c69e7c7a3528ab464b9fc381e6a726b9
6482355 | 09.10.2018 14:02:52 | 0x4e1b32cb147edfe07622c88b90f1ea0df00b6aed | 0x8d12a197cb00d4747a1fe03395095ce2a5cc6819 | 0.0000 | https://etherscan.io/tx/0xf788c4cc2747d9ec08416478103c87cdb3d1a56db2f8784f6e832fecc099ba88
6536674 | 18.10.2018 10:07:00 | 0x4e1b32cb147edfe07622c88b90f1ea0df00b6aed | 0x799d214d7143b766cdd4979cd0280939288ba931 | 0.0000 | https://etherscan.io/tx/0x0c047530032065bdc1b00da4498846cc98c0469a227ed12dfee52e718323c9a0
6536677 | 18.10.2018 10:07:30 | 0x4e1b32cb147edfe07622c88b90f1ea0df00b6aed | 0x8d12a197cb00d4747a1fe03395095ce2a5cc6819 | 0.0000 | https://etherscan.io/tx/0xd5f2862eb308a3e846b4d677c5bab234a3d9d08c6eb57e82eba86211c938c137
6536682 | 18.10.2018 10:08:24 | 0x4e1b32cb147edfe07622c88b90f1ea0df00b6aed | 0x8d12a197cb00d4747a1fe03395095ce2a5cc6819 | 0.0000 | https://etherscan.io/tx/0xdc4a626868fa814e4d58f6c5f9150d3b4336baf3e5f4571f80b0e894bcfb8a5a
6623741 | 01.11.2018 15:59:19 | 0xf96308487adac390cb937b7861d6823e9aa66841 | 0x4e1b32cb147edfe07622c88b90f1ea0df00b6aed | 0.0290 | https://etherscan.io/tx/0xcdbe6a2f5c23cfc10aceaea838a8cd5d802314f341450896abbaf860564a0f9b
6625232 | 01.11.2018 21:51:01 | 0x8165938a5a7c2634846db9a626de2cb47b06f25b | 0x4e1b32cb147edfe07622c88b90f1ea0df00b6aed | 0.5785 | https://etherscan.io/tx/0x4611a0afa7c514f626ffdd8ce9ab23480a06b231c966a90fb81277500cbc0fb9
6644228 | 05.11.2018 00:29:24 | 0x68e6176284e32ebba85013b7dd17fe311502d2f5 | 0x4e1b32cb147edfe07622c88b90f1ea0df00b6aed | 2.1100 | https://etherscan.io/tx/0xcd60278949926308c39cad6cde61aaa6896ae544c47de1a003565815ce35a5a2
6647123 | 05.11.2018 12:10:59 | 0x4e1b32cb147edfe07622c88b90f1ea0df00b6aed | 0x8d12a197cb00d4747a1fe03395095ce2a5cc6819 | 0.0000 | https://etherscan.io/tx/0x1cbdad0d7870ad4ba20e56af65914b5670d21bf9a95706a3179f1dee653511c5
6647158 | 05.11.2018 12:16:08 | 0x4e1b32cb147edfe07622c88b90f1ea0df00b6aed | 0x58ad21873f0e2616b33ee0866ca03a3021394ae8 | 3.0300 | https://etherscan.io/tx/0xadbb70a819de864da1b15deecd2c40f5918984dd7ebba15e42e7930987488026
6657496 | 07.11.2018 05:05:25 | 0x4e1b32cb147edfe07622c88b90f1ea0df00b6aed | 0x799d214d7143b766cdd4979cd0280939288ba931 | 0.0000 | https://etherscan.io/tx/0xb919c6b1a780d394712af1179ced0afb2b86eedf7a9ce6a4b1cebfc2866873e4
6657502 | 07.11.2018 05:06:25 | 0x4e1b32cb147edfe07622c88b90f1ea0df00b6aed | 0x8d12a197cb00d4747a1fe03395095ce2a5cc6819 | 0.0000 | https://etherscan.io/tx/0xc61f85fc8a9cf3e3b46be32ae05fa07b5e15de9bd3866962b073f9ea4c6a8d25
6674225 | 09.11.2018 22:46:43 | 0x267be1c1d684f78cb4f6a176c4911b741e4ffdc0 | 0x4e1b32cb147edfe07622c88b90f1ea0df00b6aed | 81.6187 | https://etherscan.io/tx/0xe5dcf79daed871af520e7545681610f220f114601c7a0de744683aac0fe678ce
6674246 | 09.11.2018 22:53:21 | 0x4e1b32cb147edfe07622c88b90f1ea0df00b6aed | 0x58ad21873f0e2616b33ee0866ca03a3021394ae8 | 81.6308 | https://etherscan.io/tx/0x4bbdee6e2f0fc8d9560868afee578290237eb81af0ca3a7bb30880419f2b032b
6674269 | 09.11.2018 22:58:54 | 0x267be1c1d684f78cb4f6a176c4911b741e4ffdc0 | 0x4e1b32cb147edfe07622c88b90f1ea0df00b6aed | 14.3450 | https://etherscan.io/tx/0xae426ccf4ad63f5d513df5bf022925b01fa2f3176de8517d1a0002388ae92434
6674316 | 09.11.2018 23:09:40 | 0x4e1b32cb147edfe07622c88b90f1ea0df00b6aed | 0x58ad21873f0e2616b33ee0866ca03a3021394ae8 | 14.3449 | https://etherscan.io/tx/0x1c06c929e86fa93a277e7cf21868d9e751a52180e0d19231d193bc81286649e2
6689989 | 12.11.2018 12:51:02 | 0x31a5f192b6f4ae4dccfc2fab55d3e09f1388b81f | 0x4e1b32cb147edfe07622c88b90f1ea0df00b6aed | 0.0098 | https://etherscan.io/tx/0xd5e238a145d2c42cddcc3e08209c514e62959593c81538bb37ee926298ac87bd
6690029 | 12.11.2018 12:59:09 | 0x4e1b32cb147edfe07622c88b90f1ea0df00b6aed | 0x8d12a197cb00d4747a1fe03395095ce2a5cc6819 | 0.0000 | https://etherscan.io/tx/0xc5c1750a1d0849f0f70c4dca9dc87a176dacee3efa88839a1469171505f670e3
6690086 | 12.11.2018 13:13:45 | 0x4e1b32cb147edfe07622c88b90f1ea0df00b6aed | 0x799d214d7143b766cdd4979cd0280939288ba931 | 0.0000 | https://etherscan.io/tx/0xf2b04431378ee7d5735b8d496103c3eccba102d8dc948d9a732af1664b0412f9
6690086 | 12.11.2018 13:13:45 | 0x4e1b32cb147edfe07622c88b90f1ea0df00b6aed | 0x8d12a197cb00d4747a1fe03395095ce2a5cc6819 | 0.0000 | https://etherscan.io/tx/0x06c6b163d7e9d00418ba12c40f51464e84048fc5c90fc3eac58e7d3fb93dad9e
6692495 | 12.11.2018 22:29:55 | 0x4e1b32cb147edfe07622c88b90f1ea0df00b6aed | 0x8d12a197cb00d4747a1fe03395095ce2a5cc6819 | 0.0000 | https://etherscan.io/tx/0x3e8f6b1ebe30f7c2732152220ea055ba199cd1156f7aebbbae0ce533ffdcaa64
6692499 | 12.11.2018 22:31:02 | 0x4e1b32cb147edfe07622c88b90f1ea0df00b6aed | 0x799d214d7143b766cdd4979cd0280939288ba931 | 0.0000 | https://etherscan.io/tx/0x255964961250469521b3f98987825d3b7d2a9d388d8cc766bece9f77d43fab5c
6692499 | 12.11.2018 22:31:02 | 0x4e1b32cb147edfe07622c88b90f1ea0df00b6aed | 0x8d12a197cb00d4747a1fe03395095ce2a5cc6819 | 0.0000 | https://etherscan.io/tx/0xa08e428d45d681a0fcd704cae79ed670e093d7b1ae3c3fbd6644f0e991e0c323
6695659 | 13.11.2018 10:41:35 | 0x4e1b32cb147edfe07622c88b90f1ea0df00b6aed | 0x8d12a197cb00d4747a1fe03395095ce2a5cc6819 | 0.0000 | https://etherscan.io/tx/0x3e0d0e45f463b041882de8e3f9fc7ced8f54fdf5404b08f1ecbbe071ebf4ee46
6695676 | 13.11.2018 10:46:06 | 0x4e1b32cb147edfe07622c88b90f1ea0df00b6aed | 0x9ecc078ea781e4c6d0313d29478adefaf3117a7e | 31.8400 | https://etherscan.io/tx/0xb318a2aafc1e789d2c4e3cbe64a2182dcfa0d87158932c7a46d9bba35e6c84d7
6705102 | 15.11.2018 00:04:54 | 0x267be1c1d684f78cb4f6a176c4911b741e4ffdc0 | 0x4e1b32cb147edfe07622c88b90f1ea0df00b6aed | 7.5950 | https://etherscan.io/tx/0x66d7e8f5a68e2e65e87f1698a4b7695ae21f0c4c9cc8c206c36e5cc09b3242d4
6705107 | 15.11.2018 00:05:46 | 0x4e1b32cb147edfe07622c88b90f1ea0df00b6aed | 0x8d12a197cb00d4747a1fe03395095ce2a5cc6819 | 7.6000 | https://etherscan.io/tx/0x901462e9578019a24d7343f829ff8a15fc9359851c85b192668f9c30faede6f2
6705138 | 15.11.2018 00:13:25 | 0x4e1b32cb147edfe07622c88b90f1ea0df00b6aed | 0x8d12a197cb00d4747a1fe03395095ce2a5cc6819 | 0.0000 | https://etherscan.io/tx/0xbf43bd7d978d65e129b5bb39d374ef649b855b9a3095e24f80a2a096e8c1aabc
6705177 | 15.11.2018 00:22:07 | 0x267be1c1d684f78cb4f6a176c4911b741e4ffdc0 | 0x4e1b32cb147edfe07622c88b90f1ea0df00b6aed | 18.4950 | https://etherscan.io/tx/0x9988bbabd30bfd834ac06a736835d027a0e9011c24aefb49388c0dab546e0b70
6705189 | 15.11.2018 00:25:18 | 0x4e1b32cb147edfe07622c88b90f1ea0df00b6aed | 0xcb06d0697b9a490698eb71eea7b5461aa20090a3 | 26.0000 | https://etherscan.io/tx/0x23c6a3eedf3e93a9f2d54a0c2d665bd4bd6826149912918474183bc6e96234fb
6819344 | 03.12.2018 18:56:17 | 0x267be1c1d684f78cb4f6a176c4911b741e4ffdc0 | 0x4e1b32cb147edfe07622c88b90f1ea0df00b6aed | 27.7950 | https://etherscan.io/tx/0x31ff877b3c32d3a564c2a418d5d9c19c6ad8d3a2eee1d1862a4e032ebe9d16a8
6819355 | 03.12.2018 18:58:54 | 0x4e1b32cb147edfe07622c88b90f1ea0df00b6aed | 0xad5e42c0450c838d5165463d50cd240de78b5213 | 27.7600 | https://etherscan.io/tx/0x715ed98060377fcf84767cd08ae5088a74080f783827bd02f9c362cd0eeb42a6
6820126 | 03.12.2018 22:12:05 | 0x267be1c1d684f78cb4f6a176c4911b741e4ffdc0 | 0x4e1b32cb147edfe07622c88b90f1ea0df00b6aed | 31.8950 | https://etherscan.io/tx/0x3de484006f2cbf511f09b28134bcb1f777bd7dc9a6e8a680c3ffeed8016d796c
6820145 | 03.12.2018 22:15:25 | 0x4e1b32cb147edfe07622c88b90f1ea0df00b6aed | 0xbb22a2486544622a27bc4f3e234c7d5b0e097021 | 31.8900 | https://etherscan.io/tx/0x8ce52213ddecbd6ea41675ecd4a9e4c75e2a1e6669d82444b9626e8a106681dc
6827005 | 05.12.2018 01:03:52 | 0xf40601a630c9e5ac3ca764c02b3b62dfc7383aca | 0x4e1b32cb147edfe07622c88b90f1ea0df00b6aed | 3.9000 | https://etherscan.io/tx/0x8550b6b563032a9412651ce46785cbdd45d97fd71657dad40037dfb5cf39b560
6830094 | 05.12.2018 13:38:01 | 0x4e1b32cb147edfe07622c88b90f1ea0df00b6aed | 0x4da12c7727ca4dd74bd1e6383ccfb1eca0e0ebd5 | 4.0300 | https://etherscan.io/tx/0x3f2c4f6c9e44d54a3a7e1842d36b0a1fcde6313c25dd41ffd2f0ec3d0ea57c51
6841354 | 07.12.2018 10:25:52 | 0x4e1b32cb147edfe07622c88b90f1ea0df00b6aed | 0x799d214d7143b766cdd4979cd0280939288ba931 | 0.0000 | https://etherscan.io/tx/0xda5b04ae737fe545a40d7014c03e2e19971e8d8517f416a3e3ddf95b8e43fe95
6841537 | 07.12.2018 11:11:49 | 0xdd1cc122d30f057a6cae4410f0a5f8a5b045352e | 0x4e1b32cb147edfe07622c88b90f1ea0df00b6aed | 96.0000 | https://etherscan.io/tx/0xf5d451ae104d00812020fe9f28bf6de6d53a16a49f4d2fcdbafa24c40fbf7eb5
6841557 | 07.12.2018 11:16:14 | 0x4e1b32cb147edfe07622c88b90f1ea0df00b6aed | 0x5812751ec1208c7b71fc26f6eadaf7b14a2e43c7 | 96.0000 | https://etherscan.io/tx/0x8f56f935acb919fa119a1d59841e58b275430163b0e0e757bb6dd93c507e829b
6868969 | 11.12.2018 23:37:31 | 0x267be1c1d684f78cb4f6a176c4911b741e4ffdc0 | 0x4e1b32cb147edfe07622c88b90f1ea0df00b6aed | 5.6650 | https://etherscan.io/tx/0xab3b46cb24478b374cde7d24197978f2c4c2bb848a79a32947e4cd8c05251063
6868982 | 11.12.2018 23:41:33 | 0x4e1b32cb147edfe07622c88b90f1ea0df00b6aed | 0x3279fd991aa42a1759bef80b1c3202ee985668d3 | 5.6650 | https://etherscan.io/tx/0x602f5fed016801e446d96d33c62781d0f0ac46e1e09c0658967ea98e600b13ab
6869648 | 12.12.2018 02:30:06 | 0xdd1cc122d30f057a6cae4410f0a5f8a5b045352e | 0x4e1b32cb147edfe07622c88b90f1ea0df00b6aed | 0.6413 | https://etherscan.io/tx/0x39a9928f806f74e93f78abafbce4dc95c2a42306b22c84155841376fe91b3f8b
6884613 | 14.12.2018 13:40:43 | 0xf96308487adac390cb937b7861d6823e9aa66841 | 0x4e1b32cb147edfe07622c88b90f1ea0df00b6aed | 0.0757 | https://etherscan.io/tx/0xd6148e501c78d571eff7ec0dd5adf3dd6a6559cf09ccb8708b86b5bec8e4ca86
7003645 | 03.01.2019 16:46:52 | 0x025c3d3b3bf3289711c63240a8cc74f9b6d1d8a6 | 0x4e1b32cb147edfe07622c88b90f1ea0df00b6aed | 2.0864 | https://etherscan.io/tx/0x66b39fd5450be055417a7417a3adcf793925719c1aab37a21e15c87d73eaf0ca
7033207 | 08.01.2019 23:57:13 | 0x267be1c1d684f78cb4f6a176c4911b741e4ffdc0 | 0x4e1b32cb147edfe07622c88b90f1ea0df00b6aed | 3.3050 | https://etherscan.io/tx/0xe9b697784d832259ef03e6513941620c64ae2f72e60f32945e2816c6dd3a1050
7033219 | 09.01.2019 00:01:27 | 0x4e1b32cb147edfe07622c88b90f1ea0df00b6aed | 0x3279fd991aa42a1759bef80b1c3202ee985668d3 | 3.3040 | https://etherscan.io/tx/0x50e02216ec31703aec674b9b69a083ecd9d43dbf3640f6df10a0cd9c2cf77cea
7047386 | 11.01.2019 12:57:39 | 0x4e1b32cb147edfe07622c88b90f1ea0df00b6aed | 0xf309b8aa904de487c47249dc016f9d6c9b192d50 | 2.8100 | https://etherscan.io/tx/0x12641f744184e1a363262cf02868a43cf43ed6d9ad29adf42ec4093eee5238d0
7104237 | 21.01.2019 18:02:55 | 0x267be1c1d684f78cb4f6a176c4911b741e4ffdc0 | 0x4e1b32cb147edfe07622c88b90f1ea0df00b6aed | 420.6619 | https://etherscan.io/tx/0x01807ad9320b9931ef07f6a74b2a8fb6dc78d8200e0a26a6d22642904c740dfc
7104331 | 21.01.2019 18:27:27 | 0x4e1b32cb147edfe07622c88b90f1ea0df00b6aed | 0xfcfd5d207b42f6c90e1bd83cfb56cd4258991580 | 870.0000 | https://etherscan.io/tx/0xb837cc6a9857e1bc6b3219389c65fdb02371b6cfb0425fbecbcca514dcdaa80f
7158852 | 01.02.2019 16:27:37 | 0x4e1b32cb147edfe07622c88b90f1ea0df00b6aed | 0x799d214d7143b766cdd4979cd0280939288ba931 | 0.0000 | https://etherscan.io/tx/0x1bc8ee38ae0f397ac191547194d90ecf9a636a58016258ac20a30332a215fd0a
7158941 | 01.02.2019 16:51:22 | 0xdd1cc122d30f057a6cae4410f0a5f8a5b045352e | 0x4e1b32cb147edfe07622c88b90f1ea0df00b6aed | 101.1221 | https://etherscan.io/tx/0xc84d08e3acb2ec308955ac7dfb897215dccb437b8115956d0d4452332ce2f2cd
7158963 | 01.02.2019 16:59:19 | 0x4e1b32cb147edfe07622c88b90f1ea0df00b6aed | 0x89372e6379e366beb06fe025632433e3c643a8e8 | 101.7700 | https://etherscan.io/tx/0x1860fdaf2132efc93e6f4de003674260b3930f233cb8dcdd631f65298191ddec
7175153 | 05.02.2019 00:15:06 | 0x07f47aea3df930ff79dbf0df7a35d9eb58a576c3 | 0x4e1b32cb147edfe07622c88b90f1ea0df00b6aed | 2.4647 | https://etherscan.io/tx/0x0920fc5407a0904e6bc3c647e8897cc9b46c75707ba4bb1e207c11c106aaf289
7184621 | 06.02.2019 22:45:07 | 0x4e1b32cb147edfe07622c88b90f1ea0df00b6aed | 0x58a1d5e64ab39a258db516373b4fc67102208d36 | 2.4696 | https://etherscan.io/tx/0xab67c05648fc2910531eee4e47e5a0a473cc5f223d9a661d0f74c913c88be061
7212252 | 12.02.2019 22:49:04 | 0x267be1c1d684f78cb4f6a176c4911b741e4ffdc0 | 0x4e1b32cb147edfe07622c88b90f1ea0df00b6aed | 10.5050 | https://etherscan.io/tx/0xd7dabed4dcbf12b819c18eb18e049d83c80909f394ef52b6b01cff7c1d041145
7212272 | 12.02.2019 22:54:52 | 0x4e1b32cb147edfe07622c88b90f1ea0df00b6aed | 0x54c340ccd7c35753f6bc638f2eda9f9443d08876 | 10.5000 | https://etherscan.io/tx/0xbae35a786228b090e0f03373903042daad84ed6f44ab3922e83a0a9613ac7725
7252402 | 22.02.2019 11:44:36 | 0x267be1c1d684f78cb4f6a176c4911b741e4ffdc0 | 0x4e1b32cb147edfe07622c88b90f1ea0df00b6aed | 2.5950 | https://etherscan.io/tx/0x1ac0550e41435aa07b734129cca7ce0c4fcfe169e8c8768608cfa587b83a873b
7252407 | 22.02.2019 11:46:13 | 0x4e1b32cb147edfe07622c88b90f1ea0df00b6aed | 0x8d12a197cb00d4747a1fe03395095ce2a5cc6819 | 2.6000 | https://etherscan.io/tx/0x613c3fa2046d3fd5a158d435a13e03b0f26b0c490259e402b7d4230d276062b3
7252415 | 22.02.2019 11:47:39 | 0x4e1b32cb147edfe07622c88b90f1ea0df00b6aed | 0x8d12a197cb00d4747a1fe03395095ce2a5cc6819 | 0.0000 | https://etherscan.io/tx/0xf6e2555addc3f4b6ed47fb91fc4263733450f3f5aad470ffcc657d3a33e16413
7252429 | 22.02.2019 11:51:03 | 0x4e1b32cb147edfe07622c88b90f1ea0df00b6aed | 0x8d12a197cb00d4747a1fe03395095ce2a5cc6819 | 0.0000 | https://etherscan.io/tx/0x329065233bccb127ed64e5edd27124cd64cd1fbe30f3564e80b22c64026d53fa
7252690 | 22.02.2019 13:25:57 | 0x6510dc6ff43c31f18118d072d757121fbf5fd306 | 0x4e1b32cb147edfe07622c88b90f1ea0df00b6aed | 0.2000 | https://etherscan.io/tx/0xb4cac299ea83a9c9f833a95b70803ac64384e54e2004f18993b539f1cb721397
7257428 | 23.02.2019 16:02:45 | 0x267be1c1d684f78cb4f6a176c4911b741e4ffdc0 | 0x4e1b32cb147edfe07622c88b90f1ea0df00b6aed | 1.3741 | https://etherscan.io/tx/0xb1410f2ad09ad9fcf404a8d8afb7d471bf2251538845feaf35fe29ec38e4d720
7257441 | 23.02.2019 16:05:18 | 0x4e1b32cb147edfe07622c88b90f1ea0df00b6aed | 0x8d12a197cb00d4747a1fe03395095ce2a5cc6819 | 1.5820 | https://etherscan.io/tx/0xd89e2e0cbafd556877963331eca9c02d8d4e8744399b2f54b42e76a6faaac6c0
7286599 | 02.03.2019 02:03:32 | 0xdc2eb05c2a4587cfc3f5cd3170dfbbac88f18adb | 0x4e1b32cb147edfe07622c88b90f1ea0df00b6aed | 5.9996 | https://etherscan.io/tx/0x722abc3e5f77d7cfe675b15085bc1bff7dd53273cf26a61e72fb10c95a226231
7289273 | 02.03.2019 12:00:58 | 0x4e1b32cb147edfe07622c88b90f1ea0df00b6aed | 0x8d12a197cb00d4747a1fe03395095ce2a5cc6819 | 0.0000 | https://etherscan.io/tx/0xb98d105844c7d0af20911621393dbae31fdcc468acafa2a62e6ff76493082ca7
7289296 | 02.03.2019 12:06:03 | 0x4e1b32cb147edfe07622c88b90f1ea0df00b6aed | 0x50da30d43f8206f35c4372a4c6d5c160cb550222 | 7.5790 | https://etherscan.io/tx/0xdbac8bfa1d92c64ce5a4ca772629a720b467720d60e5bf3971a79250734f734d
7305162 | 04.03.2019 23:53:34 | 0x07879675544afb25648c65a7cf209519e70e0d3b | 0x4e1b32cb147edfe07622c88b90f1ea0df00b6aed | 1.2485 | https://etherscan.io/tx/0x6bd52c29220fc829c4a6efc026ce6cb33d0a9267680db9c9c617bc25edce083e
7308668 | 05.03.2019 12:49:39 | 0x4e1b32cb147edfe07622c88b90f1ea0df00b6aed | 0x5667fba8f80ec443681d02023946c61f208485bf | 1.2488 | https://etherscan.io/tx/0xcd4f0c249a0ef4b2e7e20e9e708412ffd177e26a14e1f757ba12c36a5df9ce1c
7469637 | 30.03.2019 15:14:08 | 0x879a8eb536de32d5cb1910bf396dec139ea1731d | 0x4e1b32cb147edfe07622c88b90f1ea0df00b6aed | 3.8900 | https://etherscan.io/tx/0x508861b0975998e9f24322b2a0a0ece47794da77b54e1dacf18e9a032b29a66d
7471326 | 30.03.2019 21:35:06 | 0x4e1b32cb147edfe07622c88b90f1ea0df00b6aed | 0x335eb81c0e927b166bb338fe749780f3d808bc70 | 3.8800 | https://etherscan.io/tx/0x09b7d77e341ade55bb610c43c99fa9d456c87927e98a24fb02484585122a9ca8
7484619 | 01.04.2019 22:59:42 | 0x05c6bfc77f5d590b2f3eba4b32abdd96c0c58890 | 0x4e1b32cb147edfe07622c88b90f1ea0df00b6aed | 1.9622 | https://etherscan.io/tx/0xbb2e476f871abaa3cacac90f4247954b9b4b646d4cc45eed067fb84d550c705d
7484833 | 01.04.2019 23:47:11 | 0x4e1b32cb147edfe07622c88b90f1ea0df00b6aed | 0xc668b81af5b5310d5d33f93ba461f91754208bf2 | 1.9700 | https://etherscan.io/tx/0x2f7ee11a84582f4e36c48e499f28744d7f0c2cfe18e16a7fb084a0302495dce2
7574017 | 15.04.2019 21:02:10 | 0x4e1b32cb147edfe07622c88b90f1ea0df00b6aed | 0x799d214d7143b766cdd4979cd0280939288ba931 | 0.0000 | https://etherscan.io/tx/0x285850363b31d46dc8c8dceac14fa0b97856d3e4e4a4bb727b13a2ceb2d81e1a
7631859 | 24.04.2019 22:11:15 | 0x4e1b32cb147edfe07622c88b90f1ea0df00b6aed | 0xfd55a8e2b777d248606f462f85f83f43cb39ba3f | 8.3000 | https://etherscan.io/tx/0x3493c83e37ead0159f73f7a1b3b024a2327fc38b1021a339a072eeaa15498d6c
7641682 | 26.04.2019 10:40:21 | 0xdd1cc122d30f057a6cae4410f0a5f8a5b045352e | 0x4e1b32cb147edfe07622c88b90f1ea0df00b6aed | 31.5400 | https://etherscan.io/tx/0x08b347a6fd25a3c9ddf46dbd3bac26f951aabe9473f294f2551d361b0df2782b
7641710 | 26.04.2019 10:47:31 | 0x4e1b32cb147edfe07622c88b90f1ea0df00b6aed | 0x8b66779e6f2ff2675d8d29c48f6fd17e5c29140a | 31.5400 | https://etherscan.io/tx/0x49bbdbc5d77c76a6e1fe94f2a295ca07ddab86085a494cc884fcca249c0f3404
7677244 | 01.05.2019 23:02:03 | 0x0206f966aa63564f3acc7fe8d5a0d197d7005443 | 0x4e1b32cb147edfe07622c88b90f1ea0df00b6aed | 1.6962 | https://etherscan.io/tx/0xbd7432e62973b11bb4d669ea220e3deb5fca257a7cec50e17c519e995adaf17e
7680382 | 02.05.2019 10:51:07 | 0x0206f966aa63564f3acc7fe8d5a0d197d7005443 | 0x4e1b32cb147edfe07622c88b90f1ea0df00b6aed | 1.1308 | https://etherscan.io/tx/0x4a08f7c7f20472dd296d748c7d68fb3d05794c123f873776a38466f2a44e39e4
7683278 | 02.05.2019 21:29:48 | 0x4e1b32cb147edfe07622c88b90f1ea0df00b6aed | 0xc12e4fa0c90b6c8ef13dba4563bd4da6ae60d747 | 2.8280 | https://etherscan.io/tx/0xdde75c6b5e64ed8ca6aaa2dbf6e8bd738358d6d6a2f66e81b328245851c282c9
7726198 | 09.05.2019 14:44:18 | 0x8d6f4ce6e7f9dd8336b5cccca351e2576ba7ae0a | 0x4e1b32cb147edfe07622c88b90f1ea0df00b6aed | 1.6204 | https://etherscan.io/tx/0xa8ce82696c3ae31bd14852e1a506b14376a506073658bfda82ced6b3f7ea1a96
7728979 | 10.05.2019 01:14:24 | 0x4e1b32cb147edfe07622c88b90f1ea0df00b6aed | 0xe4b13cdc439862555cb9d07e73f3dcc6c9368f12 | 1.6200 | https://etherscan.io/tx/0x6f29d48e495ce735927e182c0e97ee10bcae5d8f487c873fd6c728d55e22f5eb
7870230 | 01.06.2019 02:17:00 | 0x0a8d9f92dc5a6493217e9a19195e4221c6184080 | 0x4e1b32cb147edfe07622c88b90f1ea0df00b6aed | 2.7460 | https://etherscan.io/tx/0x919a484723c803070b350ffcf8f9f107062295dd67469454fc7af99300beadf5
7872471 | 01.06.2019 10:42:55 | 0x4e1b32cb147edfe07622c88b90f1ea0df00b6aed | 0x5e0beadb73a0f43c5e8b9cb887c122ede2a8c277 | 2.7400 | https://etherscan.io/tx/0x97381acab30702ee5ec7789b02c2df4f5adfd4833fdb787f4bdbae3b77927095
7875834 | 01.06.2019 23:28:44 | 0x01ece1210d968d4dd0f33d2b0b279e6cbe915824 | 0x4e1b32cb147edfe07622c88b90f1ea0df00b6aed | 2.9639 | https://etherscan.io/tx/0xe1aea2c98812cfab7437f84252eed172efe2a07188f045c0f5b507e86160fcb4
7876379 | 02.06.2019 01:29:41 | 0x4e1b32cb147edfe07622c88b90f1ea0df00b6aed | 0x337e516067bb1775b9fc2175bdfc7d3c5d078530 | 2.9700 | https://etherscan.io/tx/0xfcd4a0423e47260f26d909e275d3d635dc88994cf2184a686f387576cc9ada90
7906651 | 06.06.2019 19:07:51 | 0x31bc7c058fc1ca5a7cff4cd84204dba226199ccd | 0x4e1b32cb147edfe07622c88b90f1ea0df00b6aed | 18.1900 | https://etherscan.io/tx/0x8a3e45e8a95fd915c5b4c0a694cd05062aec3929d1ef772121f02e2789e2b609
7906940 | 06.06.2019 20:16:55 | 0x4e1b32cb147edfe07622c88b90f1ea0df00b6aed | 0x9c32bc298e6bc4e00e286050c114f3c1feac3ccb | 18.1000 | https://etherscan.io/tx/0x6c136c920bf27ad9f5e12f6eba7a1adf456868557a9f2a683301c87c7eeeffa4
8067692 | 01.07.2019 23:12:09 | 0x06d43746c65c47882faf62e46da4155ae5737f54 | 0x4e1b32cb147edfe07622c88b90f1ea0df00b6aed | 0.4763 | https://etherscan.io/tx/0xe7ed08aabb41e545a8a18752d17a3f49383509d442d1b8ce3366fa08f262060c
8074165 | 02.07.2019 23:13:57 | 0x06d43746c65c47882faf62e46da4155ae5737f54 | 0x4e1b32cb147edfe07622c88b90f1ea0df00b6aed | 0.0214 | https://etherscan.io/tx/0x7109267bc9b2a2ecfcc72f8798bc1b0e6c0d917f78bcc35a0c4e4b1758694268
8074555 | 03.07.2019 00:47:17 | 0x4e1b32cb147edfe07622c88b90f1ea0df00b6aed | 0x96b3d7b169a53788338cb023ea1b972ff5b6357b | 0.5900 | https://etherscan.io/tx/0x1ff3bca98ed62d4088522e5ed006a397cc9c88af5ff599923713aae528a06dd0
8175535 | 18.07.2019 18:39:28 | 0xe9ad40da88593e4218cb25bf55edc74e4516995a | 0x4e1b32cb147edfe07622c88b90f1ea0df00b6aed | 1.4925 | https://etherscan.io/tx/0x6884f16fd5de73f774e449cf0d1772539d368dc8ea5cb51496b3267f08684bf4
8206239 | 23.07.2019 12:53:08 | 0x4e1b32cb147edfe07622c88b90f1ea0df00b6aed | 0xf5384ddb306d510e3d8aae608e1d2f5f3b4eb50b | 0.2160 | https://etherscan.io/tx/0xdede80ac56070bd6f7bccbc52f8067d89baad0e72f217ff1461a98f9726c793e
8206259 | 23.07.2019 12:57:34 | 0x4e1b32cb147edfe07622c88b90f1ea0df00b6aed | 0xb86593eeae44435cbec4eb578a3ea997a66c0545 | 1.2800 | https://etherscan.io/tx/0xb7765d9593ee04fbdb515bd3748bdc6ec1fb75827050fd06da20cf35a0e1f524
8207399 | 23.07.2019 17:14:07 | 0xf96308487adac390cb937b7861d6823e9aa66841 | 0x4e1b32cb147edfe07622c88b90f1ea0df00b6aed | 0.0179 | https://etherscan.io/tx/0xabca720166c0de1781d63ed90f6fd0d0885426eec61f0499fa1594b6298e09e0
8225403 | 26.07.2019 12:42:16 | 0xf96308487adac390cb937b7861d6823e9aa66841 | 0x4e1b32cb147edfe07622c88b90f1ea0df00b6aed | 0.0043 | https://etherscan.io/tx/0x84e41bb20d9529b6ad93cbd2a75d7ec89cb7b55e3062180506c41f40f708e8a3
8472930 | 02.09.2019 23:34:14 | 0x04812f288f414f3f3ad49eb334efbf92642d249c | 0x4e1b32cb147edfe07622c88b90f1ea0df00b6aed | 4.0264 | https://etherscan.io/tx/0x50e6b605fc450a9600c9429b3f500dcd1568057487bd4526571d2563c6f5d5b3
8473229 | 03.09.2019 00:32:16 | 0x4e1b32cb147edfe07622c88b90f1ea0df00b6aed | 0x39afcb6323caa1c6cfd024e59739dcff2d6db506 | 4.0400 | https://etherscan.io/tx/0x712a88ff4775cc2cc2fb0fbaa282fb188f84e9b32f1101375c843164c8097be6
8669406 | 03.10.2019 16:14:21 | 0x061c045987c511ba3293211c974cc3cd619bdafe | 0x4e1b32cb147edfe07622c88b90f1ea0df00b6aed | 0.7777 | https://etherscan.io/tx/0xecfc7034e483e03272d2c2135d08a75faa86ffbe0fa93e26c16c4ded0f58798e
8702839 | 08.10.2019 21:10:59 | 0x96d01ed0b60f18c95d8023eb18c02de448e628da | 0x4e1b32cb147edfe07622c88b90f1ea0df00b6aed | 10.1812 | https://etherscan.io/tx/0xe571b71da20fbc60b5d6e9cd93c47000f1bae3bc49d359046c7d928a02b1d0d6
8702866 | 08.10.2019 21:18:04 | 0x4e1b32cb147edfe07622c88b90f1ea0df00b6aed | 0xe443ebf08d1eda6345419697f5481a09c83d1a0e | 10.9680 | https://etherscan.io/tx/0x8c355f5d5ce556a8c406ce81f8bb3b69f4fbf8f58ad35045bf70f2046edcb3a1
8707591 | 09.10.2019 15:11:24 | 0x50084a4e45cf3a3492b55dd4899df8dde9e838d5 | 0x4e1b32cb147edfe07622c88b90f1ea0df00b6aed | 10.2707 | https://etherscan.io/tx/0x983bcfb7264cfb5e87d14ef030e99a80316cfa5c414651cbcb19b5b82de01476
8707609 | 09.10.2019 15:14:07 | 0x4e1b32cb147edfe07622c88b90f1ea0df00b6aed | 0x96082170304870926e495c0cca364a782b353ec8 | 7.3070 | https://etherscan.io/tx/0x8191933ce46eb8ccbd6e806e95afed10ffe60b86ad40708eeb15d3aa41b7c359
8708329 | 09.10.2019 17:54:01 | 0x4e1b32cb147edfe07622c88b90f1ea0df00b6aed | 0xf5384ddb306d510e3d8aae608e1d2f5f3b4eb50b | 2.9630 | https://etherscan.io/tx/0xfd6b77c6cbbe16b67af06bf8041a0de9264a88fc81f423605b1b8c68e85c012b
8739417 | 14.10.2019 15:21:46 | 0xa0bccd6cab0c4582571b8d79223b60c8fd3d8807 | 0x4e1b32cb147edfe07622c88b90f1ea0df00b6aed | 2.1199 | https://etherscan.io/tx/0x4e2f67fe810f1b5bdfd71c15322bf8ff10aaa11261726b3a4dc52f92ec7ed5e1
8740108 | 14.10.2019 17:55:09 | 0x4e1b32cb147edfe07622c88b90f1ea0df00b6aed | 0xf5384ddb306d510e3d8aae608e1d2f5f3b4eb50b | 0.3070 | https://etherscan.io/tx/0x1e6b60f7dae88b33d429b5b7c31ad6b6d1fb1fe0f804e6e5dc4594459d524dec
8740113 | 14.10.2019 17:56:33 | 0x4e1b32cb147edfe07622c88b90f1ea0df00b6aed | 0x4d6f7fc4da7d27ecc40b06f8d29efb1139c446f3 | 1.8136 | https://etherscan.io/tx/0xbb355f8a9301ffbe6e63b59c04ab02ec7451b373cd6606a90eb057b621a704a5
8866968 | 03.11.2019 22:23:41 | 0x0826e3625e00f974c77a48026a1a4d62a0d11636 | 0x4e1b32cb147edfe07622c88b90f1ea0df00b6aed | 4.1700 | https://etherscan.io/tx/0x19eafaa1863dd6312d38fcdbb2ad990ad8d1ccd5c54d9929a51bdb2c8fb8741f
8867176 | 03.11.2019 23:11:55 | 0x4e1b32cb147edfe07622c88b90f1ea0df00b6aed | 0x226556415e9e755de0265f5e206ceb01c717abad | 4.1600 | https://etherscan.io/tx/0x921a99724925eb34af2cd22f70ee76089676ac79cc989b961607ffeeee7d6d05
8873848 | 05.11.2019 01:06:17 | 0x4e1b32cb147edfe07622c88b90f1ea0df00b6aed | 0x8d12a197cb00d4747a1fe03395095ce2a5cc6819 | 0.0000 | https://etherscan.io/tx/0x5f852f4149e88617639b97fde9ada9ebbcc8307146ed74e1844329dd962b419d
9040006 | 02.12.2019 23:46:44 | 0x012a8d2c14343b228197c248502aa7824492459c | 0x4e1b32cb147edfe07622c88b90f1ea0df00b6aed | 3.4528 | https://etherscan.io/tx/0xd0d539ba1dae40f7178a79ec1587bf44116eaaddd2d16d0a5bbc0d67060e538d
9043495 | 03.12.2019 14:43:41 | 0x4e1b32cb147edfe07622c88b90f1ea0df00b6aed | 0x7f653a41f8a7829e21225b52ba4eb5975e662397 | 3.4533 | https://etherscan.io/tx/0x56a316ebc3ae51c381fce7111e8a387c3459f57b250f8a1dd5fe040f7bfca63a
9249045 | 10.01.2020 00:53:18 | 0xe9ad40da88593e4218cb25bf55edc74e4516995a | 0x4e1b32cb147edfe07622c88b90f1ea0df00b6aed | 10.8425 | https://etherscan.io/tx/0xe02aa9e96b242bdc8317abc216a33c4ba7f3296bf952c79bb9014cc49acfe450
9249122 | 10.01.2020 01:09:17 | 0xe9ad40da88593e4218cb25bf55edc74e4516995a | 0x4e1b32cb147edfe07622c88b90f1ea0df00b6aed | 10.7962 | https://etherscan.io/tx/0x1c6197907852e95ff144eda7014305fb8949da6d01b00bb2d5610bf428d52f23
9249182 | 10.01.2020 01:21:13 | 0xe9ad40da88593e4218cb25bf55edc74e4516995a | 0x4e1b32cb147edfe07622c88b90f1ea0df00b6aed | 15.7666 | https://etherscan.io/tx/0x542ef492f2ef3689d4a52c9b0fee2d8904b196848934d70910a1a28a8a11dad8
9249446 | 10.01.2020 02:15:09 | 0x4e1b32cb147edfe07622c88b90f1ea0df00b6aed | 0x5a4645a67a11e9f109b0c23ebf80a4f41b711daf | 31.9861 | https://etherscan.io/tx/0xb77bc1534a68abe6d293a754613baddeffba47969ca3397de0328de61e6d1141
9249481 | 10.01.2020 02:23:02 | 0x4e1b32cb147edfe07622c88b90f1ea0df00b6aed | 0xf5384ddb306d510e3d8aae608e1d2f5f3b4eb50b | 5.4192 | https://etherscan.io/tx/0xd475968913169162dedd0802794f198bf91ad70f5fd1c7c8cfa0dc1d7e0310c9
9633325 | 09.03.2020 00:45:09 | 0x01e99e301fd14b20bc0accc35fdcc2b447e7432c | 0x4e1b32cb147edfe07622c88b90f1ea0df00b6aed | 6.2185 | https://etherscan.io/tx/0x93bf2d02043b51f11d34a63de1656ffded256b924f34a5c05c8755ccf432bbb2
9645874 | 10.03.2020 23:23:17 | 0x4e1b32cb147edfe07622c88b90f1ea0df00b6aed | 0x7349bc139283a504840e2b6071a81ee320a4ed94 | 6.2200 | https://etherscan.io/tx/0x9d049fdede2a3f3e00cbc42e67db3fad6e388a9d3bd0c8b48276d20592c238ae
9992600 | 03.05.2020 13:13:33 | 0x01bcb4299850204f639452332b7232ebf6fc50ba | 0x4e1b32cb147edfe07622c88b90f1ea0df00b6aed | 3.0703 | https://etherscan.io/tx/0xe1df7e109d7d0614e704058d5389945d1c0d287c48771e817267202fa113822a
9992770 | 03.05.2020 13:58:09 | 0x4e1b32cb147edfe07622c88b90f1ea0df00b6aed | 0x33a6675949d77ed4316b5bcc0ce7eb008a0f44ad | 3.0700 | https://etherscan.io/tx/0x2ad88d1b0fecef4ead5b5788fed0b44228312ad09b9fffdc9e89d4a4ceeb656f
10182265 | 02.06.2020 00:04:24 | 0x06cf419ba4e62eb0c778f8bea57b07ca58efb76e | 0x4e1b32cb147edfe07622c88b90f1ea0df00b6aed | 3.0643 | https://etherscan.io/tx/0x7878981016f1226491066e25b7aba13b2fb87fa99d7355a903123ca620a0af4d
10186112 | 02.06.2020 14:22:16 | 0x4e1b32cb147edfe07622c88b90f1ea0df00b6aed | 0x715cf1449385de15e4e2b1bc8f77546427a47131 | 3.0700 | https://etherscan.io/tx/0xbbed2da437e61af7f66d4bb94d9ec20f579a3041e54a1272eb1822638d0eb103
10375911 | 02.07.2020 00:14:04 | 0x06972ea29ffff94484855a131f5709bf29fdf748 | 0x4e1b32cb147edfe07622c88b90f1ea0df00b6aed | 2.2061 | https://etherscan.io/tx/0x39dc72c13058d5aed1c9060391733571ea34811a8e29e15161e892dd08825cb9
10376316 | 02.07.2020 01:40:45 | 0x4e1b32cb147edfe07622c88b90f1ea0df00b6aed | 0x24023cf01c2459e49167cb3e34a6f42df8640297 | 2.1970 | https://etherscan.io/tx/0x690213cec499f0e12e2eaf7672e53c94608c3a30fdef5514dd81657690b04c0b
10450333 | 13.07.2020 12:15:10 | 0x267be1c1d684f78cb4f6a176c4911b741e4ffdc0 | 0x4e1b32cb147edfe07622c88b90f1ea0df00b6aed | 1.9430 | https://etherscan.io/tx/0xe4ef4b53d9bcbac926a37e34eadd15cb01fd6668d9eeaf1d974b86494616186f
10451128 | 13.07.2020 15:10:31 | 0x133489fd875516e819a26d86b5c2bc20a8c2c67f | 0x4e1b32cb147edfe07622c88b90f1ea0df00b6aed | 1.3592 | https://etherscan.io/tx/0xe054076fe6bfeff8f7ffc715486d73f4f6bdfcba37b8553ef8198be29ed1e6fa
10452843 | 13.07.2020 21:32:11 | 0x4e1b32cb147edfe07622c88b90f1ea0df00b6aed | 0x878a123a28131319f7a38b6926676af05e54f7a8 | 3.3079 | https://etherscan.io/tx/0x198c8e3e69048ca50edb310bf71db0762cd5def1f1c2311d1aa37e73ed3f6583
10777617 | 02.09.2020 00:03:28 | 0x02d1e1790610fa30c15022dbed3ff955cc62fc53 | 0x4e1b32cb147edfe07622c88b90f1ea0df00b6aed | 0.1680 | https://etherscan.io/tx/0xe5d4e0cb7bd9b6d32f42414549fd3efe33ab1c3e78a23ea41c1abc71584f5c61
10781773 | 02.09.2020 15:26:23 | 0x4e1b32cb147edfe07622c88b90f1ea0df00b6aed | 0xcc7ca6d5a1ad1b1716b991bd3c861130359ba461 | 0.1550 | https://etherscan.io/tx/0xf27637a30ebfa3c45a9ac0db7f2b3ce0e71409c0234be9cd663f445bf50a580d
11597515 | 06.01.2021 02:23:17 | 0x43b0eb4dfe7a3a86b4805b6db07e80c285b54553 | 0x4e1b32cb147edfe07622c88b90f1ea0df00b6aed | 0.1264 | https://etherscan.io/tx/0x34c6a630442378be76b099da02e7b92e9e2d5dfc2cfd0a704e9ae5751e48c635
11641323 | 12.01.2021 19:51:40 | 0x003bc0f51c7e3410efe5a520174314ebf34c8fe7 | 0x4e1b32cb147edfe07622c88b90f1ea0df00b6aed | 0.4306 | https://etherscan.io/tx/0x239c78ec3146ff8218c2cc46dc9553f040130eaec4502da27918af0236fe88ab
11681331 | 18.01.2021 23:20:13 | 0x4e1b32cb147edfe07622c88b90f1ea0df00b6aed | 0xae4eae7899d62c000d6fca7d7e1ab83bc4a54f5e | 0.0000 | https://etherscan.io/tx/0x0480981cfd038293be026b4e7d40b1313dfcb6a405a5ea280d4d1ede74d7106a
11681541 | 19.01.2021 00:01:49 | 0xe94dbffc053797a7306e5d400a09c8ea5c5278e4 | 0x4e1b32cb147edfe07622c88b90f1ea0df00b6aed | 6.6481 | https://etherscan.io/tx/0xdcdeb067ecb691d474628900929015fde638327caf688518c437b787e9ca7143
11681614 | 19.01.2021 00:17:46 | 0x4e1b32cb147edfe07622c88b90f1ea0df00b6aed | 0x58f0bdd292058091f9bfbf1ae63c8d6c1496edfb | 7.1930 | https://etherscan.io/tx/0xb1471687d014acc315bea3c175053232f78d92517754350f0a2ab182a423c2c1
11894971 | 20.02.2021 19:50:02 | 0xe94dbffc053797a7306e5d400a09c8ea5c5278e4 | 0x4e1b32cb147edfe07622c88b90f1ea0df00b6aed | 0.7455 | https://etherscan.io/tx/0xcf6e5bdf49343acef78f3f06613c9643bf5e9d7cdc8e43a1f9b2cb44d8a8a3cf
11972198 | 04.03.2021 16:57:35 | 0x4e1b32cb147edfe07622c88b90f1ea0df00b6aed | 0xaa2a7153c0403999f6fc224b6a9f73caeac09df9 | 0.7455 | https://etherscan.io/tx/0x12af954781bf3712b5ae498b38560115a378734ffa21ccfb7c2d0fd2bdb857b5

Bu cüzdan bilinen hacker adresleriyle etkileşime girmemiş.
Bu cüzdan Tornado Cash kullanmamış.
✅ Bu cüzdan scam & darknet adresleriyle etkileşime girmemiş.
