🔹 ERC-20 Token Transferleri 🔹

Block       Time                  From                                  To                                    Token  Amount     Tx Hash
-----------------------------------------------------------------------------------------------------------------------------
4633433  27.11.2017 22:30:25  0x80e364fcf7901b423e68a4b694a45e9b55feef18  0x4e1b32cb147edfe07622c88b90f1ea0df00b6aed  CombiCoin (COMBI)  5.0000  https://etherscan.io/tx/0xc8289ae8fdaae414a3a3eaaeabbf00c5139fa81f562ad1a5f01d43ea555bca69
4633434  27.11.2017 22:30:45  0x80e364fcf7901b423e68a4b694a45e9b55feef18  0x4e1b32cb147edfe07622c88b90f1ea0df00b6aed  Tria (TRIA)  5.0000  https://etherscan.io/tx/0xa084f3eb3933ed25da0db0c6a889b70fa665808dc190517b7feac38daf8b7295
4633452  27.11.2017 22:36:15  0x4e1b32cb147edfe07622c88b90f1ea0df00b6aed  0x80e364fcf7901b423e68a4b694a45e9b55feef18  CombiCoin (COMBI)  1.0000  https://etherscan.io/tx/0x5e05081cb2c61d12c7d00505ac17390d4d33dd2366023ab7c0e2a0e43338000f
4633467  27.11.2017 22:39:38  0x80e364fcf7901b423e68a4b694a45e9b55feef18  0x4e1b32cb147edfe07622c88b90f1ea0df00b6aed  CombiCoin (COMBI)  113.7239  https://etherscan.io/tx/0x2d89131e855694615bf42b903fec75e6138cc16fd56f221dfb636ed70377557d
4633475  27.11.2017 22:41:39  0x80e364fcf7901b423e68a4b694a45e9b55feef18  0x4e1b32cb147edfe07622c88b90f1ea0df00b6aed  Tria (TRIA)  137.7239  https://etherscan.io/tx/0xd749c0cad67b0b1b161ab4c4ed098655aa0572b9e57dfdeacc69b6bb72724e0e
4633505  27.11.2017 22:50:13  0x2c32c02a21bebf54950ba53e54790dc93f556924  0x4e1b32cb147edfe07622c88b90f1ea0df00b6aed  CombiCoin (COMBI)  297.7288  https://etherscan.io/tx/0x2adb99fa87d52f37f5ed120b031dadb620597190a93b015e4041a26ca015ba0a
4633684  27.11.2017 23:35:43  0x47434466c66337e1d2a7c8f4a105a95e02f468f1  0x4e1b32cb147edfe07622c88b90f1ea0df00b6aed  Tria (TRIA)  24.2125  https://etherscan.io/tx/0x102558e7e2ee02ab34bad06cef88442e0cded9fda582a11836b92cbfad42b644
4840978  02.01.2018 12:51:29  0x80e364fcf7901b423e68a4b694a45e9b55feef18  0x4e1b32cb147edfe07622c88b90f1ea0df00b6aed  CombiCoin (COMBI)  2.0496  https://etherscan.io/tx/0x9024d0525a64301ccfafe5e1c0c868315e309790929f35e7ebfcae1b42b4ed42
4847119  03.01.2018 14:44:50  0x47434466c66337e1d2a7c8f4a105a95e02f468f1  0x4e1b32cb147edfe07622c88b90f1ea0df00b6aed  Tria (TRIA)  2.7710  https://etherscan.io/tx/0x64013520c97558bf2695dd45c01823544958e70d2d84ac4f518aff8fd99c9f74
4857943  05.01.2018 14:37:01  0x4e1b32cb147edfe07622c88b90f1ea0df00b6aed  0x31a5f192b6f4ae4dccfc2fab55d3e09f1388b81f  CombiCoin (COMBI)  26.7000  https://etherscan.io/tx/0x887c2ddc8a0c847ae350f6a961e62b14efaedb61df750e6522044d2947b0fd56
4874147  08.01.2018 14:02:47  0x4e1b32cb147edfe07622c88b90f1ea0df00b6aed  0x0b333d67d99122747a9ffa1fc407bf569b9b525c  CombiCoin (COMBI)  30.0000  https://etherscan.io/tx/0x07a5a59e9ba4eb0dcb8572c4098edb8e9b5329a4507d0cb028cc2ed43d5db384
4874170  08.01.2018 14:09:15  0x0b333d67d99122747a9ffa1fc407bf569b9b525c  0x4e1b32cb147edfe07622c88b90f1ea0df00b6aed  RCF (RCF)  150.0000  https://etherscan.io/tx/0x868ca3c3b74b1842c69760f7f70958f6dbdd8044770354686ee624ce7d408825
4948138  21.01.2018 22:58:43  0x4e1b32cb147edfe07622c88b90f1ea0df00b6aed  0x8d12a197cb00d4747a1fe03395095ce2a5cc6819  CombiCoin (COMBI)  25.0000  https://etherscan.io/tx/0xe51bd2a49d93135b3c3c69acabb34b16d49a9ebebdada1ad13e3182022c6e394
4957113  23.01.2018 11:27:56  0x4e1b32cb147edfe07622c88b90f1ea0df00b6aed  0x8d12a197cb00d4747a1fe03395095ce2a5cc6819  CombiCoin (COMBI)  25.0000  https://etherscan.io/tx/0x5e8b0368da2991ca358eb5e9110edb71ae2a178236c54c07c405e3bf4b8bf64d
5082090  13.02.2018 12:29:18  0x8d12a197cb00d4747a1fe03395095ce2a5cc6819  0x4e1b32cb147edfe07622c88b90f1ea0df00b6aed  CombiCoin (COMBI)  50.0000  https://etherscan.io/tx/0xd131be20b5be5ec6b1f4e84e8a710dd25d1fc8f3d7415a58a90ec122ab1eef73
5082108  13.02.2018 12:33:01  0x4e1b32cb147edfe07622c88b90f1ea0df00b6aed  0x04a64ab00b264528c7153e64d339a16a09b2748c  CombiCoin (COMBI)  360.0000  https://etherscan.io/tx/0x277dd15f1c9c6636598abdda4163b3c06f70db8a374ba9b912980512c4cedf1b
5082128  13.02.2018 12:38:20  0x31a5f192b6f4ae4dccfc2fab55d3e09f1388b81f  0x4e1b32cb147edfe07622c88b90f1ea0df00b6aed  CombiCoin (COMBI)  26.7000  https://etherscan.io/tx/0x8d6c0fae2f09b0c9892c68cfc5a4487d086673a4575c24d77da6eb086f5b89af
5082136  13.02.2018 12:40:08  0x4e1b32cb147edfe07622c88b90f1ea0df00b6aed  0x04a64ab00b264528c7153e64d339a16a09b2748c  CombiCoin (COMBI)  27.5023  https://etherscan.io/tx/0x704095fe24c9f420391ebb9be4ae26d0e5c7709cd2de97ee7b4c2806ab055325
5088712  14.02.2018 15:15:40  0x8c1ff3a8c6f8383225797b703cfa0fc39ecdc4a1  0x4e1b32cb147edfe07622c88b90f1ea0df00b6aed  RCF (RCF)  250.0000  https://etherscan.io/tx/0x72a031b85ddd7b5389bbbc89d94d947ebe74d67e393b79a4a0aeb29c0e928c8f
5088745  14.02.2018 15:24:59  0x8c1ff3a8c6f8383225797b703cfa0fc39ecdc4a1  0x4e1b32cb147edfe07622c88b90f1ea0df00b6aed  Tria (TRIA)  250.0000  https://etherscan.io/tx/0x0ce65744f266194428d3625ee708604f2deb03989e92db74ba0046e5e490ed8e
5096614  15.02.2018 23:22:35  0x8c1ff3a8c6f8383225797b703cfa0fc39ecdc4a1  0x4e1b32cb147edfe07622c88b90f1ea0df00b6aed  RCF (RCF)  75.0000  https://etherscan.io/tx/0x1f94b88f0e0e215fe0c53415e8c904a42a0cba8da72fd6bfc83b3551610bd144
5096621  15.02.2018 23:25:46  0x8c1ff3a8c6f8383225797b703cfa0fc39ecdc4a1  0x4e1b32cb147edfe07622c88b90f1ea0df00b6aed  Tria (TRIA)  75.0000  https://etherscan.io/tx/0xd2ddecec2298dac80a40be31d0c77b05103c484872d0e61cdce85ba1c243b81e
5189450  03.03.2018 17:24:20  0x0b333d67d99122747a9ffa1fc407bf569b9b525c  0x4e1b32cb147edfe07622c88b90f1ea0df00b6aed  XRCF (XRCF)  1.0000  https://etherscan.io/tx/0xc9fb0cb3043cfe54d784dea45e0797c776979ccf91efab6e2b81209c197ddbc6
5194933  04.03.2018 15:36:26  0x30b1db93ddcc2cee962d00471527a4173a9033fe  0x4e1b32cb147edfe07622c88b90f1ea0df00b6aed  XRCF (XRCF)  499.0000  https://etherscan.io/tx/0x90da55178a91fef31f807bfcaea55bff68509d9593324de224b2707f290de9cf
5224070  09.03.2018 14:18:59  0x8c1ff3a8c6f8383225797b703cfa0fc39ecdc4a1  0x4e1b32cb147edfe07622c88b90f1ea0df00b6aed  RCF (RCF)  25.0000  https://etherscan.io/tx/0xaed61522d2456fefadba71cdf515db34c7b576d733c2452a02d6077a4aff8186
5335756  28.03.2018 10:19:15  0x5a859b6ed72c951de794b7514eda2a015284e04c  0x4e1b32cb147edfe07622c88b90f1ea0df00b6aed  Borgias Capital Fund (BCF)  500.0000  https://etherscan.io/tx/0xbe1c4fa397073e3afcee55419dd669c029982cbebd26ef5161ec9f10d1569a93
5574161  08.05.2018 00:15:38  0x0000000000000000000000000000000000000000  0x4e1b32cb147edfe07622c88b90f1ea0df00b6aed  Countinghouse Fund (CHT)  1235.0000  https://etherscan.io/tx/0xa43ac378a0ef11f8226d19e1593cf7bd9f5797c39caf9d869e674094a9f07f5d
5755121  08.06.2018 23:00:52  0x0000000000000000000000000000000000000000  0x4e1b32cb147edfe07622c88b90f1ea0df00b6aed  Countinghouse Fund (CHT)  4960.0000  https://etherscan.io/tx/0xfecf3ede043e4db4666e2b5c610608c4611fc25c908386aaa4c8dc1193f331e2
5784744  14.06.2018 04:21:49  0x0000000000000000000000000000000000000000  0x4e1b32cb147edfe07622c88b90f1ea0df00b6aed  An Etheal Promo (HEALP)  911.0000  https://etherscan.io/tx/0xb450c1f00f738d832b6c48db538f1538f542833b34d0662059f9d2149b7659cb
5850917  25.06.2018 11:56:37  0xabba3d422132c0593d582b20e321ee6a7bfb1952  0x4e1b32cb147edfe07622c88b90f1ea0df00b6aed  Wolf Token (Wolf)  46.1000  https://etherscan.io/tx/0x155ab665487c353eeb53e05261d61963213a76e86af144db3f62784557abea1c
5955954  13.07.2018 12:22:17  0x8d12a197cb00d4747a1fe03395095ce2a5cc6819  0x4e1b32cb147edfe07622c88b90f1ea0df00b6aed  Countinghouse Fund (CHT)  3805.0000  https://etherscan.io/tx/0x347f7b9bcece69d8ff8862da6a19f03c274e53f0a1cdc91f429d4b5a832b2a41
5970811  15.07.2018 23:41:35  0x4e1b32cb147edfe07622c88b90f1ea0df00b6aed  0x6f95882727ef6b4a4c1485ec374a00ae83fcb1a4  Countinghouse Fund (CHT)  4000.0000  https://etherscan.io/tx/0x8b6ac1665c99a23e9e00d4b00a049c920fe0eb2ff999b25e8e86bc5ea4f30773
5970821  15.07.2018 23:45:13  0x8d12a197cb00d4747a1fe03395095ce2a5cc6819  0x4e1b32cb147edfe07622c88b90f1ea0df00b6aed  Countinghouse Fund (CHT)  4000.0000  https://etherscan.io/tx/0xdc04ee6bb35df6a0867222b79238321bfbee69b6d59a6bda9d36db52e6cd7eb1
6074857  02.08.2018 15:17:23  0x43ce12056aa1e8372ab4abf0c0cc658d2d41077f  0x4e1b32cb147edfe07622c88b90f1ea0df00b6aed  Borgias Capital Fund (BCF)  502.9500  https://etherscan.io/tx/0x97b9f6bc38966cca8b57e0ae64fbc501bea119008657cfe9ad65c1e3b56080a5
6134381  12.08.2018 16:47:44  0x8d12a197cb00d4747a1fe03395095ce2a5cc6819  0x4e1b32cb147edfe07622c88b90f1ea0df00b6aed  Countinghouse Fund (CHT)  7500.0000  https://etherscan.io/tx/0x6e4122f6ec1f0c6f6b13542b0a71efad41774a1234ff4a2afe733eb264fc1716
6150475  15.08.2018 09:54:39  0x4e1b32cb147edfe07622c88b90f1ea0df00b6aed  0x8d12a197cb00d4747a1fe03395095ce2a5cc6819  Countinghouse Fund (CHT)  10000.0000  https://etherscan.io/tx/0x336144fcf67a6a4dfb0d8743abaf0c38285e0e5529c78b2e1663d6a6511305a5
6169010  18.08.2018 13:18:15  0x8d12a197cb00d4747a1fe03395095ce2a5cc6819  0x4e1b32cb147edfe07622c88b90f1ea0df00b6aed  Countinghouse Fund (CHT)  2500.0000  https://etherscan.io/tx/0x983448877b1d36547a5fd0619342f55487f153e324d2989446e1517faf55e567
6180133  20.08.2018 10:21:44  0x8d12a197cb00d4747a1fe03395095ce2a5cc6819  0x4e1b32cb147edfe07622c88b90f1ea0df00b6aed  Countinghouse Fund (CHT)  4000.0000  https://etherscan.io/tx/0x0214f3af03abc531b7b6aa675ec38371e19fe4c44f6935b683d8dc905b63ac6d
6200654  23.08.2018 21:44:46  0xc823eae282977125ab7a04ff9f2aa89dada9bd41  0x4e1b32cb147edfe07622c88b90f1ea0df00b6aed  www.pnztrust.com (www.pnztrust.com)  1000000.0000  https://etherscan.io/tx/0xda5a0afd74b1c58c4ba278caab541f158b8851ef9abe8f5e86ed794aafccd3be
6225923  28.08.2018 03:46:55  0x0000000000000000000000000000000000000000  0x4e1b32cb147edfe07622c88b90f1ea0df00b6aed  Bulleon Promo Token (BULLEON PROMO)  365.0000  https://etherscan.io/tx/0x5dd887cc39923aaa7ffe0e18a990c72bedc1f9ebe9d32448221d77aa2dd4f557
6268860  04.09.2018 09:40:24  0x4e1b32cb147edfe07622c88b90f1ea0df00b6aed  0x8d12a197cb00d4747a1fe03395095ce2a5cc6819  Countinghouse Fund (CHT)  10168.9300  https://etherscan.io/tx/0xe4bc3bac7ad96aac6b103aace21a88d0e589416bccc586de656ca083a29a5573
6278468  06.09.2018 00:20:13  0x8d12a197cb00d4747a1fe03395095ce2a5cc6819  0x4e1b32cb147edfe07622c88b90f1ea0df00b6aed  Countinghouse Fund (CHT)  11168.9300  https://etherscan.io/tx/0x029e5a3a934486f39e94c9acc41b1f20f47bcdd970bd95a7739f036edfd033f2
6329822  14.09.2018 14:07:30  0x4e1b32cb147edfe07622c88b90f1ea0df00b6aed  0x8d12a197cb00d4747a1fe03395095ce2a5cc6819  Countinghouse Fund (CHT)  15000.0000  https://etherscan.io/tx/0xbe71a25db4d0c3f5f36447a1720e2b7e925848e51354e2a7cf4cc12e2ac70636
6354685  18.09.2018 16:41:24  0x0861fca546225fbf8806986d211c8398f7457734  0x4e1b32cb147edfe07622c88b90f1ea0df00b6aed  Countinghouse Fund (CHT)  9984.0000  https://etherscan.io/tx/0xe346974ed08965b723b3969f571bbd038ce6d5827439eccda30722bddd1a9e3e
6354696  18.09.2018 16:43:34  0x0861fca546225fbf8806986d211c8398f7457734  0x4e1b32cb147edfe07622c88b90f1ea0df00b6aed  Countinghouse Fund (CHT)  4987.3000  https://etherscan.io/tx/0x9ca3ae6946708c0c6d3d12639d5d5f94a45a01683aa49ef0dfbd4942f006e4cf
6356072  18.09.2018 22:15:16  0x4e1b32cb147edfe07622c88b90f1ea0df00b6aed  0x8d12a197cb00d4747a1fe03395095ce2a5cc6819  Countinghouse Fund (CHT)  9614.1600  https://etherscan.io/tx/0x45af9aad1bb622ab2a6f60ec291cc3a8bf290231f6f86ac5b2010deca7d9768f
6368059  20.09.2018 21:40:29  0x8d12a197cb00d4747a1fe03395095ce2a5cc6819  0x4e1b32cb147edfe07622c88b90f1ea0df00b6aed  Countinghouse Fund (CHT)  9250.0000  https://etherscan.io/tx/0xfaa7fc84ccb8947901392a77c006b03351f23922ac6fac1bf1faaca6198ef280
6405048  26.09.2018 23:42:08  0x4e1b32cb147edfe07622c88b90f1ea0df00b6aed  0x8d12a197cb00d4747a1fe03395095ce2a5cc6819  Countinghouse Fund (CHT)  389.1700  https://etherscan.io/tx/0xcbf62c0cf80ed144759ce65d2489264b93265b39c0d21031f38001323e76c0dc
6414796  28.09.2018 14:08:24  0x8d12a197cb00d4747a1fe03395095ce2a5cc6819  0x4e1b32cb147edfe07622c88b90f1ea0df00b6aed  Countinghouse Fund (CHT)  274.0000  https://etherscan.io/tx/0x2e13a1d9f4d8a1ceb4496a1814dee80db12432f053047ef44708e0fde6d1590f
6414867  28.09.2018 14:23:52  0x8d12a197cb00d4747a1fe03395095ce2a5cc6819  0x4e1b32cb147edfe07622c88b90f1ea0df00b6aed  Countinghouse Fund (CHT)  235.0000  https://etherscan.io/tx/0x5a277c7cd3e4bb82bfdfb318b238ecf19f7b89501d0ce79486e1ca476d2a5690
6536677  18.10.2018 10:07:30  0x4e1b32cb147edfe07622c88b90f1ea0df00b6aed  0x8d12a197cb00d4747a1fe03395095ce2a5cc6819  Countinghouse Fund (CHT)  50.0000  https://etherscan.io/tx/0xd5f2862eb308a3e846b4d677c5bab234a3d9d08c6eb57e82eba86211c938c137
6657502  07.11.2018 05:06:25  0x4e1b32cb147edfe07622c88b90f1ea0df00b6aed  0x8d12a197cb00d4747a1fe03395095ce2a5cc6819  Countinghouse Fund (CHT)  5000.0000  https://etherscan.io/tx/0xc61f85fc8a9cf3e3b46be32ae05fa07b5e15de9bd3866962b073f9ea4c6a8d25
6690086  12.11.2018 13:13:45  0x4e1b32cb147edfe07622c88b90f1ea0df00b6aed  0x8d12a197cb00d4747a1fe03395095ce2a5cc6819  Countinghouse Fund (CHT)  158.9800  https://etherscan.io/tx/0x06c6b163d7e9d00418ba12c40f51464e84048fc5c90fc3eac58e7d3fb93dad9e
6692499  12.11.2018 22:31:02  0x4e1b32cb147edfe07622c88b90f1ea0df00b6aed  0x8d12a197cb00d4747a1fe03395095ce2a5cc6819  Countinghouse Fund (CHT)  1000.0000  https://etherscan.io/tx/0xa08e428d45d681a0fcd704cae79ed670e093d7b1ae3c3fbd6644f0e991e0c323
6705271  15.11.2018 00:43:14  0x0861fca546225fbf8806986d211c8398f7457734  0x4e1b32cb147edfe07622c88b90f1ea0df00b6aed  Countinghouse Fund (CHT)  6080.5000  https://etherscan.io/tx/0xd582621dfca51a759630d49559e5e92bd3c15b1733c7fd560b99cf2a3f4bf65a
6767512  25.11.2018 05:31:08  0x4e9a414565efe4cad1127161d2c8258594301715  0x4e1b32cb147edfe07622c88b90f1ea0df00b6aed  Azbit (AZ)  55978.0000  https://etherscan.io/tx/0x4aabd3efca950b10cc06060001e32afe9323ee19a8fcaf1c2ee976c3a2bcb9ab
6841354  07.12.2018 10:25:52  0x4e1b32cb147edfe07622c88b90f1ea0df00b6aed  0xdd1cc122d30f057a6cae4410f0a5f8a5b045352e  Countinghouse Fund (CHT)  5000.0000  https://etherscan.io/tx/0xda5b04ae737fe545a40d7014c03e2e19971e8d8517f416a3e3ddf95b8e43fe95
7070559  15.01.2019 16:23:31  0x43b0eb4dfe7a3a86b4805b6db07e80c285b54553  0x4e1b32cb147edfe07622c88b90f1ea0df00b6aed  Countinghouse Fund (CHT)  2420.6100  https://etherscan.io/tx/0x179b0f29bf93c5706905d61d9248ec4dc4b74c0e3be483e2b2d5ed564ca59e6c
7115619  24.01.2019 00:01:48  0x0000000000000000000000000000000000000000  0x4e1b32cb147edfe07622c88b90f1ea0df00b6aed  Evaki (EVK)  24134.6229  https://etherscan.io/tx/0x3fd9aaac7e8a2028c6124928bb626b62e49b00080a4758b6075c87e3f83238a5
7158852  01.02.2019 16:27:37  0x4e1b32cb147edfe07622c88b90f1ea0df00b6aed  0xdd1cc122d30f057a6cae4410f0a5f8a5b045352e  Countinghouse Fund (CHT)  5000.0000  https://etherscan.io/tx/0x1bc8ee38ae0f397ac191547194d90ecf9a636a58016258ac20a30332a215fd0a
7220202  14.02.2019 20:20:27  0x7d4fb518336fb7dc1806fe39dd8aadfcffe31ea6  0x4e1b32cb147edfe07622c88b90f1ea0df00b6aed  Borgias Capital Fund (BCF)  100.0000  https://etherscan.io/tx/0xe7be2c9e049a17253e971e5b128aa9c4a2a6e2827b4e2f038a8cda931a4bec1d
7252429  22.02.2019 11:51:03  0x8d12a197cb00d4747a1fe03395095ce2a5cc6819  0x4e1b32cb147edfe07622c88b90f1ea0df00b6aed  Tria (TRIA)  118.1380  https://etherscan.io/tx/0x329065233bccb127ed64e5edd27124cd64cd1fbe30f3564e80b22c64026d53fa
7276077  28.02.2019 00:38:07  0xaaaaa798ebb90066788951e0fc03bc71e6bc2b51  0x4e1b32cb147edfe07622c88b90f1ea0df00b6aed  Azbit (AZ)  55978.0000  https://etherscan.io/tx/0x72742e44087b69bcc1f44108709c1ab64976ca29c4eca8cf98043ddfe30c9e14
7574017  15.04.2019 21:02:10  0x4e1b32cb147edfe07622c88b90f1ea0df00b6aed  0xdd1cc122d30f057a6cae4410f0a5f8a5b045352e  Countinghouse Fund (CHT)  3000.0000  https://etherscan.io/tx/0x285850363b31d46dc8c8dceac14fa0b97856d3e4e4a4bb727b13a2ceb2d81e1a
8873848  05.11.2019 01:06:17  0x8d12a197cb00d4747a1fe03395095ce2a5cc6819  0x4e1b32cb147edfe07622c88b90f1ea0df00b6aed  Countinghouse Fund (CHT)  1000.0100  https://etherscan.io/tx/0x5f852f4149e88617639b97fde9ada9ebbcc8307146ed74e1844329dd962b419d
9675360  15.03.2020 12:49:49  0xc12d1c73ee7dc3615ba4e37e4abfdbddfa38907e  0x4e1b32cb147edfe07622c88b90f1ea0df00b6aed  KickToken (KICK)  888888.0000  https://etherscan.io/tx/0x39591154ecdc6065b905e4eed9d85da5dada5223b496da7ae90981939a09c925
11597513  06.01.2021 02:22:52  0x43b0eb4dfe7a3a86b4805b6db07e80c285b54553  0x4e1b32cb147edfe07622c88b90f1ea0df00b6aed  Smart Investment Fund Token v2 (XSFT)  555.0934  https://etherscan.io/tx/0x4f5c6085756b8ce8383176bb42d054505bb192286ebc80fc4b2b72f12aac0b4d
11681331  18.01.2021 23:20:13  0x4e1b32cb147edfe07622c88b90f1ea0df00b6aed  0xe94dbffc053797a7306e5d400a09c8ea5c5278e4  Evaki (EVK)  20638.0570  https://etherscan.io/tx/0x0480981cfd038293be026b4e7d40b1313dfcb6a405a5ea280d4d1ede74d7106a
